# JRE version: OpenJDK Runtime Environment Temurin-17.0.12+7 (17.0.12+7) (build 17.0.12+7)
# Java VM: OpenJDK 64-Bit Server VM Temurin-17.0.12+7 (17.0.12+7, mixed mode, tiered, compressed oops, compressed class ptrs, parallel gc, windows-amd64)
GC Precious Log:
 CPUs: 4 total, 4 available
 Memory: 8105M
 Large Page Support: Disabled
 NUMA Support: Disabled
 Compressed Oops: Enabled (32-bit)
 Alignments: Space 512K, Generation 512K, Heap 2M
 Heap Min Capacity: 100M
 Heap Initial Capacity: 100M
 Heap Max Capacity: 1G
 Pre-touch: Disabled
 Parallel Workers: 4
Heap:
 PSYoungGen      total 6656K, used 608K [0x00000000eab00000, 0x00000000eb300000, 0x0000000100000000)
  eden space 5120K, 0% used [0x00000000eab00000,0x00000000eab00000,0x00000000eb000000)
  from space 1536K, 39% used [0x00000000eb180000,0x00000000eb218000,0x00000000eb300000)
  to   space 1536K, 0% used [0x00000000eb000000,0x00000000eb000000,0x00000000eb180000)
 ParOldGen       total 265728K, used 264461K [0x00000000c0000000, 0x00000000d0380000, 0x00000000eab00000)
  object space 265728K, 99% used [0x00000000c0000000,0x00000000d02434e0,0x00000000d0380000)
 Metaspace       used 88030K, committed 89280K, reserved 1179648K
  class space    used 8859K, committed 9472K, reserved 1048576K
GC Heap History (20 events):
Event: 1425.302 GC heap after
{Heap after GC invocations=1349 (full 21):
 PSYoungGen      total 7168K, used 996K [0x00000000eab00000, 0x00000000eb680000, 0x0000000100000000)
  eden space 6144K, 0% used [0x00000000eab00000,0x00000000eab00000,0x00000000eb100000)
  from space 1024K, 97% used [0x00000000eb500000,0x00000000eb5f9210,0x00000000eb600000)
  to   space 512K, 0% used [0x00000000eb600000,0x00000000eb600000,0x00000000eb680000)
 ParOldGen       total 265728K, used 246555K [0x00000000c0000000, 0x00000000d0380000, 0x00000000eab00000)
  object space 265728K, 92% used [0x00000000c0000000,0x00000000cf0c6f80,0x00000000d0380000)
 Metaspace       used 88019K, committed 89280K, reserved 1179648K
  class space    used 8859K, committed 9472K, reserved 1048576K
}
Event: 1425.313 GC heap before
{Heap before GC invocations=1350 (full 21):
 PSYoungGen      total 7168K, used 7140K [0x00000000eab00000, 0x00000000eb680000, 0x0000000100000000)
  eden space 6144K, 100% used [0x00000000eab00000,0x00000000eb100000,0x00000000eb100000)
  from space 1024K, 97% used [0x00000000eb500000,0x00000000eb5f9210,0x00000000eb600000)
  to   space 512K, 0% used [0x00000000eb600000,0x00000000eb600000,0x00000000eb680000)
 ParOldGen       total 265728K, used 246555K [0x00000000c0000000, 0x00000000d0380000, 0x00000000eab00000)
  object space 265728K, 92% used [0x00000000c0000000,0x00000000cf0c6f80,0x00000000d0380000)
 Metaspace       used 88019K, committed 89280K, reserved 1179648K
  class space    used 8859K, committed 9472K, reserved 1048576K
}
Event: 1425.316 GC heap after
{Heap after GC invocations=1350 (full 21):
 PSYoungGen      total 6656K, used 512K [0x00000000eab00000, 0x00000000eb680000, 0x0000000100000000)
  eden space 6144K, 0% used [0x00000000eab00000,0x00000000eab00000,0x00000000eb100000)
  from space 512K, 100% used [0x00000000eb600000,0x00000000eb680000,0x00000000eb680000)
  to   space 2048K, 0% used [0x00000000eb280000,0x00000000eb280000,0x00000000eb480000)
 ParOldGen       total 265728K, used 247696K [0x00000000c0000000, 0x00000000d0380000, 0x00000000eab00000)
  object space 265728K, 93% used [0x00000000c0000000,0x00000000cf1e4358,0x00000000d0380000)
 Metaspace       used 88019K, committed 89280K, reserved 1179648K
  class space    used 8859K, committed 9472K, reserved 1048576K
}
Event: 1425.327 GC heap before
{Heap before GC invocations=1351 (full 21):
 PSYoungGen      total 6656K, used 6656K [0x00000000eab00000, 0x00000000eb680000, 0x0000000100000000)
  eden space 6144K, 100% used [0x00000000eab00000,0x00000000eb100000,0x00000000eb100000)
  from space 512K, 100% used [0x00000000eb600000,0x00000000eb680000,0x00000000eb680000)
  to   space 2048K, 0% used [0x00000000eb280000,0x00000000eb280000,0x00000000eb480000)
 ParOldGen       total 265728K, used 247696K [0x00000000c0000000, 0x00000000d0380000, 0x00000000eab00000)
  object space 265728K, 93% used [0x00000000c0000000,0x00000000cf1e4358,0x00000000d0380000)
 Metaspace       used 88019K, committed 89280K, reserved 1179648K
  class space    used 8859K, committed 9472K, reserved 1048576K
}
Event: 1425.329 GC heap after
{Heap after GC invocations=1351 (full 21):
 PSYoungGen      total 8192K, used 480K [0x00000000eab00000, 0x00000000eb680000, 0x0000000100000000)
  eden space 6144K, 0% used [0x00000000eab00000,0x00000000eab00000,0x00000000eb100000)
  from space 2048K, 23% used [0x00000000eb280000,0x00000000eb2f8000,0x00000000eb480000)
  to   space 1024K, 0% used [0x00000000eb580000,0x00000000eb580000,0x00000000eb680000)
 ParOldGen       total 265728K, used 248216K [0x00000000c0000000, 0x00000000d0380000, 0x00000000eab00000)
  object space 265728K, 93% used [0x00000000c0000000,0x00000000cf266358,0x00000000d0380000)
 Metaspace       used 88019K, committed 89280K, reserved 1179648K
  class space    used 8859K, committed 9472K, reserved 1048576K
}
Event: 1425.339 GC heap before
{Heap before GC invocations=1352 (full 21):
 PSYoungGen      total 8192K, used 6624K [0x00000000eab00000, 0x00000000eb680000, 0x0000000100000000)
  eden space 6144K, 100% used [0x00000000eab00000,0x00000000eb100000,0x00000000eb100000)
  from space 2048K, 23% used [0x00000000eb280000,0x00000000eb2f8000,0x00000000eb480000)
  to   space 1024K, 0% used [0x00000000eb580000,0x00000000eb580000,0x00000000eb680000)
 ParOldGen       total 265728K, used 248216K [0x00000000c0000000, 0x00000000d0380000, 0x00000000eab00000)
  object space 265728K, 93% used [0x00000000c0000000,0x00000000cf266358,0x00000000d0380000)
 Metaspace       used 88019K, committed 89280K, reserved 1179648K
  class space    used 8859K, committed 9472K, reserved 1048576K
}
Event: 1425.341 GC heap after
{Heap after GC invocations=1352 (full 21):
 PSYoungGen      total 7168K, used 528K [0x00000000eab00000, 0x00000000eb680000, 0x0000000100000000)
  eden space 6144K, 0% used [0x00000000eab00000,0x00000000eab00000,0x00000000eb100000)
  from space 1024K, 51% used [0x00000000eb580000,0x00000000eb604010,0x00000000eb680000)
  to   space 1024K, 0% used [0x00000000eb480000,0x00000000eb480000,0x00000000eb580000)
 ParOldGen       total 265728K, used 248620K [0x00000000c0000000, 0x00000000d0380000, 0x00000000eab00000)
  object space 265728K, 93% used [0x00000000c0000000,0x00000000cf2cb3c8,0x00000000d0380000)
 Metaspace       used 88019K, committed 89280K, reserved 1179648K
  class space    used 8859K, committed 9472K, reserved 1048576K
}
Event: 1425.364 GC heap before
{Heap before GC invocations=1353 (full 21):
 PSYoungGen      total 7168K, used 6672K [0x00000000eab00000, 0x00000000eb680000, 0x0000000100000000)
  eden space 6144K, 100% used [0x00000000eab00000,0x00000000eb100000,0x00000000eb100000)
  from space 1024K, 51% used [0x00000000eb580000,0x00000000eb604010,0x00000000eb680000)
  to   space 1024K, 0% used [0x00000000eb480000,0x00000000eb480000,0x00000000eb580000)
 ParOldGen       total 265728K, used 248620K [0x00000000c0000000, 0x00000000d0380000, 0x00000000eab00000)
  object space 265728K, 93% used [0x00000000c0000000,0x00000000cf2cb3c8,0x00000000d0380000)
 Metaspace       used 88030K, committed 89280K, reserved 1179648K
  class space    used 8859K, committed 9472K, reserved 1048576K
}
Event: 1425.366 GC heap after
{Heap after GC invocations=1353 (full 21):
 PSYoungGen      total 7168K, used 1012K [0x00000000eab00000, 0x00000000eb800000, 0x0000000100000000)
  eden space 6144K, 0% used [0x00000000eab00000,0x00000000eab00000,0x00000000eb100000)
  from space 1024K, 98% used [0x00000000eb480000,0x00000000eb57d2d0,0x00000000eb580000)
  to   space 2560K, 0% used [0x00000000eb580000,0x00000000eb580000,0x00000000eb800000)
 ParOldGen       total 265728K, used 250314K [0x00000000c0000000, 0x00000000d0380000, 0x00000000eab00000)
  object space 265728K, 94% used [0x00000000c0000000,0x00000000cf472ae8,0x00000000d0380000)
 Metaspace       used 88030K, committed 89280K, reserved 1179648K
  class space    used 8859K, committed 9472K, reserved 1048576K
}
Event: 1425.390 GC heap before
{Heap before GC invocations=1354 (full 21):
 PSYoungGen      total 7168K, used 7156K [0x00000000eab00000, 0x00000000eb800000, 0x0000000100000000)
  eden space 6144K, 100% used [0x00000000eab00000,0x00000000eb100000,0x00000000eb100000)
  from space 1024K, 98% used [0x00000000eb480000,0x00000000eb57d2d0,0x00000000eb580000)
  to   space 2560K, 0% used [0x00000000eb580000,0x00000000eb580000,0x00000000eb800000)
 ParOldGen       total 265728K, used 250314K [0x00000000c0000000, 0x00000000d0380000, 0x00000000eab00000)
  object space 265728K, 94% used [0x00000000c0000000,0x00000000cf472ae8,0x00000000d0380000)
 Metaspace       used 88030K, committed 89280K, reserved 1179648K
  class space    used 8859K, committed 9472K, reserved 1048576K
}
Event: 1425.397 GC heap after
{Heap after GC invocations=1354 (full 21):
 PSYoungGen      total 5120K, used 2560K [0x00000000eab00000, 0x00000000ec100000, 0x0000000100000000)
  eden space 2560K, 0% used [0x00000000eab00000,0x00000000eab00000,0x00000000ead80000)
  from space 2560K, 100% used [0x00000000eb580000,0x00000000eb800000,0x00000000eb800000)
  to   space 8192K, 0% used [0x00000000ead80000,0x00000000ead80000,0x00000000eb580000)
 ParOldGen       total 265728K, used 254939K [0x00000000c0000000, 0x00000000d0380000, 0x00000000eab00000)
  object space 265728K, 95% used [0x00000000c0000000,0x00000000cf8f6ed0,0x00000000d0380000)
 Metaspace       used 88030K, committed 89280K, reserved 1179648K
  class space    used 8859K, committed 9472K, reserved 1048576K
}
Event: 1425.406 GC heap before
{Heap before GC invocations=1355 (full 21):
 PSYoungGen      total 5120K, used 5120K [0x00000000eab00000, 0x00000000ec100000, 0x0000000100000000)
  eden space 2560K, 100% used [0x00000000eab00000,0x00000000ead80000,0x00000000ead80000)
  from space 2560K, 100% used [0x00000000eb580000,0x00000000eb800000,0x00000000eb800000)
  to   space 8192K, 0% used [0x00000000ead80000,0x00000000ead80000,0x00000000eb580000)
 ParOldGen       total 265728K, used 254939K [0x00000000c0000000, 0x00000000d0380000, 0x00000000eab00000)
  object space 265728K, 95% used [0x00000000c0000000,0x00000000cf8f6ed0,0x00000000d0380000)
 Metaspace       used 88030K, committed 89280K, reserved 1179648K
  class space    used 8859K, committed 9472K, reserved 1048576K
}
Event: 1425.410 GC heap after
{Heap after GC invocations=1355 (full 21):
 PSYoungGen      total 5632K, used 2592K [0x00000000eab00000, 0x00000000eb700000, 0x0000000100000000)
  eden space 2560K, 0% used [0x00000000eab00000,0x00000000eab00000,0x00000000ead80000)
  from space 3072K, 84% used [0x00000000ead80000,0x00000000eb008000,0x00000000eb080000)
  to   space 4608K, 0% used [0x00000000eb280000,0x00000000eb280000,0x00000000eb700000)
 ParOldGen       total 265728K, used 257531K [0x00000000c0000000, 0x00000000d0380000, 0x00000000eab00000)
  object space 265728K, 96% used [0x00000000c0000000,0x00000000cfb7eed0,0x00000000d0380000)
 Metaspace       used 88030K, committed 89280K, reserved 1179648K
  class space    used 8859K, committed 9472K, reserved 1048576K
}
Event: 1425.419 GC heap before
{Heap before GC invocations=1356 (full 21):
 PSYoungGen      total 5632K, used 5152K [0x00000000eab00000, 0x00000000eb700000, 0x0000000100000000)
  eden space 2560K, 100% used [0x00000000eab00000,0x00000000ead80000,0x00000000ead80000)
  from space 3072K, 84% used [0x00000000ead80000,0x00000000eb008000,0x00000000eb080000)
  to   space 4608K, 0% used [0x00000000eb280000,0x00000000eb280000,0x00000000eb700000)
 ParOldGen       total 265728K, used 257531K [0x00000000c0000000, 0x00000000d0380000, 0x00000000eab00000)
  object space 265728K, 96% used [0x00000000c0000000,0x00000000cfb7eed0,0x00000000d0380000)
 Metaspace       used 88030K, committed 89280K, reserved 1179648K
  class space    used 8859K, committed 9472K, reserved 1048576K
}
Event: 1425.423 GC heap after
{Heap after GC invocations=1356 (full 21):
 PSYoungGen      total 6144K, used 2592K [0x00000000eab00000, 0x00000000eb580000, 0x0000000100000000)
  eden space 3072K, 0% used [0x00000000eab00000,0x00000000eab00000,0x00000000eae00000)
  from space 3072K, 84% used [0x00000000eb280000,0x00000000eb508000,0x00000000eb580000)
  to   space 3072K, 0% used [0x00000000eaf80000,0x00000000eaf80000,0x00000000eb280000)
 ParOldGen       total 265728K, used 260107K [0x00000000c0000000, 0x00000000d0380000, 0x00000000eab00000)
  object space 265728K, 97% used [0x00000000c0000000,0x00000000cfe02ed0,0x00000000d0380000)
 Metaspace       used 88030K, committed 89280K, reserved 1179648K
  class space    used 8859K, committed 9472K, reserved 1048576K
}
Event: 1425.433 GC heap before
{Heap before GC invocations=1357 (full 21):
 PSYoungGen      total 6144K, used 5664K [0x00000000eab00000, 0x00000000eb580000, 0x0000000100000000)
  eden space 3072K, 100% used [0x00000000eab00000,0x00000000eae00000,0x00000000eae00000)
  from space 3072K, 84% used [0x00000000eb280000,0x00000000eb508000,0x00000000eb580000)
  to   space 3072K, 0% used [0x00000000eaf80000,0x00000000eaf80000,0x00000000eb280000)
 ParOldGen       total 265728K, used 260107K [0x00000000c0000000, 0x00000000d0380000, 0x00000000eab00000)
  object space 265728K, 97% used [0x00000000c0000000,0x00000000cfe02ed0,0x00000000d0380000)
 Metaspace       used 88030K, committed 89280K, reserved 1179648K
  class space    used 8859K, committed 9472K, reserved 1048576K
}
Event: 1425.436 GC heap after
{Heap after GC invocations=1357 (full 21):
 PSYoungGen      total 6144K, used 1865K [0x00000000eab00000, 0x00000000eb400000, 0x0000000100000000)
  eden space 4096K, 0% used [0x00000000eab00000,0x00000000eab00000,0x00000000eaf00000)
  from space 2048K, 91% used [0x00000000eaf80000,0x00000000eb152400,0x00000000eb180000)
  to   space 2560K, 0% used [0x00000000eb180000,0x00000000eb180000,0x00000000eb400000)
 ParOldGen       total 265728K, used 262675K [0x00000000c0000000, 0x00000000d0380000, 0x00000000eab00000)
  object space 265728K, 98% used [0x00000000c0000000,0x00000000d0084ed0,0x00000000d0380000)
 Metaspace       used 88030K, committed 89280K, reserved 1179648K
  class space    used 8859K, committed 9472K, reserved 1048576K
}
Event: 1425.443 GC heap before
{Heap before GC invocations=1358 (full 21):
 PSYoungGen      total 6144K, used 5961K [0x00000000eab00000, 0x00000000eb400000, 0x0000000100000000)
  eden space 4096K, 100% used [0x00000000eab00000,0x00000000eaf00000,0x00000000eaf00000)
  from space 2048K, 91% used [0x00000000eaf80000,0x00000000eb152400,0x00000000eb180000)
  to   space 2560K, 0% used [0x00000000eb180000,0x00000000eb180000,0x00000000eb400000)
 ParOldGen       total 265728K, used 262675K [0x00000000c0000000, 0x00000000d0380000, 0x00000000eab00000)
  object space 265728K, 98% used [0x00000000c0000000,0x00000000d0084ed0,0x00000000d0380000)
 Metaspace       used 88030K, committed 89280K, reserved 1179648K
  class space    used 8859K, committed 9472K, reserved 1048576K
}
Event: 1425.445 GC heap after
{Heap after GC invocations=1358 (full 21):
 PSYoungGen      total 6656K, used 608K [0x00000000eab00000, 0x00000000eb300000, 0x0000000100000000)
  eden space 5120K, 0% used [0x00000000eab00000,0x00000000eab00000,0x00000000eb000000)
  from space 1536K, 39% used [0x00000000eb180000,0x00000000eb218000,0x00000000eb300000)
  to   space 1536K, 0% used [0x00000000eb000000,0x00000000eb000000,0x00000000eb180000)
 ParOldGen       total 265728K, used 264461K [0x00000000c0000000, 0x00000000d0380000, 0x00000000eab00000)
  object space 265728K, 99% used [0x00000000c0000000,0x00000000d02434e0,0x00000000d0380000)
 Metaspace       used 88030K, committed 89280K, reserved 1179648K
  class space    used 8859K, committed 9472K, reserved 1048576K
}
Event: 1425.445 GC heap before
{Heap before GC invocations=1359 (full 22):
 PSYoungGen      total 6656K, used 608K [0x00000000eab00000, 0x00000000eb300000, 0x0000000100000000)
  eden space 5120K, 0% used [0x00000000eab00000,0x00000000eab00000,0x00000000eb000000)
  from space 1536K, 39% used [0x00000000eb180000,0x00000000eb218000,0x00000000eb300000)
  to   space 1536K, 0% used [0x00000000eb000000,0x00000000eb000000,0x00000000eb180000)
 ParOldGen       total 265728K, used 264461K [0x00000000c0000000, 0x00000000d0380000, 0x00000000eab00000)
  object space 265728K, 99% used [0x00000000c0000000,0x00000000d02434e0,0x00000000d0380000)
 Metaspace       used 88030K, committed 89280K, reserved 1179648K
  class space    used 8859K, committed 9472K, reserved 1048576K
}

