# JRE version: OpenJDK Runtime Environment Temurin-17.0.12+7 (17.0.12+7) (build 17.0.12+7)
# Java VM: OpenJDK 64-Bit Server VM Temurin-17.0.12+7 (17.0.12+7, mixed mode, tiered, compressed oops, compressed class ptrs, parallel gc, windows-amd64)
GC Precious Log:
 CPUs: 4 total, 4 available
 Memory: 8105M
 Large Page Support: Disabled
 NUMA Support: Disabled
 Compressed Oops: Enabled (32-bit)
 Alignments: Space 512K, Generation 512K, Heap 2M
 Heap Min Capacity: 100M
 Heap Initial Capacity: 100M
 Heap Max Capacity: 1G
 Pre-touch: Disabled
 Parallel Workers: 4
Heap:
 PSYoungGen      total 8704K, used 8599K [0x00000000eab00000, 0x00000000ebb00000, 0x0000000100000000)
  eden space 4096K, 100% used [0x00000000eab00000,0x00000000eaf00000,0x00000000eaf00000)
  from space 4608K, 97% used [0x00000000eb680000,0x00000000ebae5eb8,0x00000000ebb00000)
  to   space 5632K, 0% used [0x00000000eb000000,0x00000000eb000000,0x00000000eb580000)
 ParOldGen       total 493568K, used 478360K [0x00000000c0000000, 0x00000000de200000, 0x00000000eab00000)
  object space 493568K, 96% used [0x00000000c0000000,0x00000000dd326368,0x00000000de200000)
 Metaspace       used 83802K, committed 85120K, reserved 1179648K
  class space    used 8520K, committed 9088K, reserved 1048576K
GC Heap History (20 events):
Event: 105.835 GC heap before
{Heap before GC invocations=465 (full 19):
 PSYoungGen      total 12800K, used 12796K [0x00000000eab00000, 0x00000000ec400000, 0x0000000100000000)
  eden space 9216K, 100% used [0x00000000eab00000,0x00000000eb400000,0x00000000eb400000)
  from space 3584K, 99% used [0x00000000eba80000,0x00000000ebdff210,0x00000000ebe00000)
  to   space 6656K, 0% used [0x00000000eb400000,0x00000000eb400000,0x00000000eba80000)
 ParOldGen       total 493568K, used 455251K [0x00000000c0000000, 0x00000000de200000, 0x00000000eab00000)
  object space 493568K, 92% used [0x00000000c0000000,0x00000000dbc94fe8,0x00000000de200000)
 Metaspace       used 83185K, committed 84544K, reserved 1179648K
  class space    used 8510K, committed 9088K, reserved 1048576K
}
Event: 105.853 GC heap after
{Heap after GC invocations=465 (full 19):
 PSYoungGen      total 15872K, used 6274K [0x00000000eab00000, 0x00000000ec100000, 0x0000000100000000)
  eden space 9216K, 0% used [0x00000000eab00000,0x00000000eab00000,0x00000000eb400000)
  from space 6656K, 94% used [0x00000000eb400000,0x00000000eba20b60,0x00000000eba80000)
  to   space 6656K, 0% used [0x00000000eba80000,0x00000000eba80000,0x00000000ec100000)
 ParOldGen       total 493568K, used 456068K [0x00000000c0000000, 0x00000000de200000, 0x00000000eab00000)
  object space 493568K, 92% used [0x00000000c0000000,0x00000000dbd61018,0x00000000de200000)
 Metaspace       used 83185K, committed 84544K, reserved 1179648K
  class space    used 8510K, committed 9088K, reserved 1048576K
}
Event: 106.132 GC heap before
{Heap before GC invocations=466 (full 19):
 PSYoungGen      total 15872K, used 15490K [0x00000000eab00000, 0x00000000ec100000, 0x0000000100000000)
  eden space 9216K, 100% used [0x00000000eab00000,0x00000000eb400000,0x00000000eb400000)
  from space 6656K, 94% used [0x00000000eb400000,0x00000000eba20b60,0x00000000eba80000)
  to   space 6656K, 0% used [0x00000000eba80000,0x00000000eba80000,0x00000000ec100000)
 ParOldGen       total 493568K, used 456068K [0x00000000c0000000, 0x00000000de200000, 0x00000000eab00000)
  object space 493568K, 92% used [0x00000000c0000000,0x00000000dbd61018,0x00000000de200000)
 Metaspace       used 83315K, committed 84672K, reserved 1179648K
  class space    used 8517K, committed 9088K, reserved 1048576K
}
Event: 106.146 GC heap after
{Heap after GC invocations=466 (full 19):
 PSYoungGen      total 12288K, used 6646K [0x00000000eab00000, 0x00000000ec800000, 0x0000000100000000)
  eden space 5632K, 0% used [0x00000000eab00000,0x00000000eab00000,0x00000000eb080000)
  from space 6656K, 99% used [0x00000000eba80000,0x00000000ec0fdba0,0x00000000ec100000)
  to   space 10240K, 0% used [0x00000000eb080000,0x00000000eb080000,0x00000000eba80000)
 ParOldGen       total 493568K, used 458693K [0x00000000c0000000, 0x00000000de200000, 0x00000000eab00000)
  object space 493568K, 92% used [0x00000000c0000000,0x00000000dbff16c0,0x00000000de200000)
 Metaspace       used 83315K, committed 84672K, reserved 1179648K
  class space    used 8517K, committed 9088K, reserved 1048576K
}
Event: 106.516 GC heap before
{Heap before GC invocations=467 (full 19):
 PSYoungGen      total 12288K, used 12278K [0x00000000eab00000, 0x00000000ec800000, 0x0000000100000000)
  eden space 5632K, 99% used [0x00000000eab00000,0x00000000eb07fff0,0x00000000eb080000)
  from space 6656K, 99% used [0x00000000eba80000,0x00000000ec0fdba0,0x00000000ec100000)
  to   space 10240K, 0% used [0x00000000eb080000,0x00000000eb080000,0x00000000eba80000)
 ParOldGen       total 493568K, used 458693K [0x00000000c0000000, 0x00000000de200000, 0x00000000eab00000)
  object space 493568K, 92% used [0x00000000c0000000,0x00000000dbff16c0,0x00000000de200000)
 Metaspace       used 83347K, committed 84672K, reserved 1179648K
  class space    used 8517K, committed 9088K, reserved 1048576K
}
Event: 106.530 GC heap after
{Heap after GC invocations=467 (full 19):
 PSYoungGen      total 13312K, used 7384K [0x00000000eab00000, 0x00000000ec080000, 0x0000000100000000)
  eden space 5632K, 0% used [0x00000000eab00000,0x00000000eab00000,0x00000000eb080000)
  from space 7680K, 96% used [0x00000000eb080000,0x00000000eb7b6280,0x00000000eb800000)
  to   space 8192K, 0% used [0x00000000eb880000,0x00000000eb880000,0x00000000ec080000)
 ParOldGen       total 493568K, used 461607K [0x00000000c0000000, 0x00000000de200000, 0x00000000eab00000)
  object space 493568K, 93% used [0x00000000c0000000,0x00000000dc2c9f88,0x00000000de200000)
 Metaspace       used 83347K, committed 84672K, reserved 1179648K
  class space    used 8517K, committed 9088K, reserved 1048576K
}
Event: 106.885 GC heap before
{Heap before GC invocations=468 (full 19):
 PSYoungGen      total 13312K, used 13016K [0x00000000eab00000, 0x00000000ec080000, 0x0000000100000000)
  eden space 5632K, 100% used [0x00000000eab00000,0x00000000eb080000,0x00000000eb080000)
  from space 7680K, 96% used [0x00000000eb080000,0x00000000eb7b6280,0x00000000eb800000)
  to   space 8192K, 0% used [0x00000000eb880000,0x00000000eb880000,0x00000000ec080000)
 ParOldGen       total 493568K, used 461607K [0x00000000c0000000, 0x00000000de200000, 0x00000000eab00000)
  object space 493568K, 93% used [0x00000000c0000000,0x00000000dc2c9f88,0x00000000de200000)
 Metaspace       used 83425K, committed 84736K, reserved 1179648K
  class space    used 8518K, committed 9088K, reserved 1048576K
}
Event: 106.896 GC heap after
{Heap after GC invocations=468 (full 19):
 PSYoungGen      total 11264K, used 8178K [0x00000000eab00000, 0x00000000ec580000, 0x0000000100000000)
  eden space 3072K, 0% used [0x00000000eab00000,0x00000000eab00000,0x00000000eae00000)
  from space 8192K, 99% used [0x00000000eb880000,0x00000000ec07c8d0,0x00000000ec080000)
  to   space 10752K, 0% used [0x00000000eae00000,0x00000000eae00000,0x00000000eb880000)
 ParOldGen       total 493568K, used 463599K [0x00000000c0000000, 0x00000000de200000, 0x00000000eab00000)
  object space 493568K, 93% used [0x00000000c0000000,0x00000000dc4bbca8,0x00000000de200000)
 Metaspace       used 83425K, committed 84736K, reserved 1179648K
  class space    used 8518K, committed 9088K, reserved 1048576K
}
Event: 107.035 GC heap before
{Heap before GC invocations=469 (full 19):
 PSYoungGen      total 11264K, used 11250K [0x00000000eab00000, 0x00000000ec580000, 0x0000000100000000)
  eden space 3072K, 100% used [0x00000000eab00000,0x00000000eae00000,0x00000000eae00000)
  from space 8192K, 99% used [0x00000000eb880000,0x00000000ec07c8d0,0x00000000ec080000)
  to   space 10752K, 0% used [0x00000000eae00000,0x00000000eae00000,0x00000000eb880000)
 ParOldGen       total 493568K, used 463599K [0x00000000c0000000, 0x00000000de200000, 0x00000000eab00000)
  object space 493568K, 93% used [0x00000000c0000000,0x00000000dc4bbca8,0x00000000de200000)
 Metaspace       used 83455K, committed 84800K, reserved 1179648K
  class space    used 8519K, committed 9088K, reserved 1048576K
}
Event: 107.055 GC heap after
{Heap after GC invocations=469 (full 19):
 PSYoungGen      total 8192K, used 4967K [0x00000000eab00000, 0x00000000ebc80000, 0x0000000100000000)
  eden space 3072K, 0% used [0x00000000eab00000,0x00000000eab00000,0x00000000eae00000)
  from space 5120K, 97% used [0x00000000eae00000,0x00000000eb2d9e70,0x00000000eb300000)
  to   space 7168K, 0% used [0x00000000eb580000,0x00000000eb580000,0x00000000ebc80000)
 ParOldGen       total 493568K, used 468912K [0x00000000c0000000, 0x00000000de200000, 0x00000000eab00000)
  object space 493568K, 95% used [0x00000000c0000000,0x00000000dc9ec238,0x00000000de200000)
 Metaspace       used 83455K, committed 84800K, reserved 1179648K
  class space    used 8519K, committed 9088K, reserved 1048576K
}
Event: 107.204 GC heap before
{Heap before GC invocations=470 (full 19):
 PSYoungGen      total 8192K, used 8039K [0x00000000eab00000, 0x00000000ebc80000, 0x0000000100000000)
  eden space 3072K, 100% used [0x00000000eab00000,0x00000000eae00000,0x00000000eae00000)
  from space 5120K, 97% used [0x00000000eae00000,0x00000000eb2d9e70,0x00000000eb300000)
  to   space 7168K, 0% used [0x00000000eb580000,0x00000000eb580000,0x00000000ebc80000)
 ParOldGen       total 493568K, used 468912K [0x00000000c0000000, 0x00000000de200000, 0x00000000eab00000)
  object space 493568K, 95% used [0x00000000c0000000,0x00000000dc9ec238,0x00000000de200000)
 Metaspace       used 83517K, committed 84864K, reserved 1179648K
  class space    used 8520K, committed 9088K, reserved 1048576K
}
Event: 107.218 GC heap after
{Heap after GC invocations=470 (full 19):
 PSYoungGen      total 10240K, used 7151K [0x00000000eab00000, 0x00000000ebd80000, 0x0000000100000000)
  eden space 3072K, 0% used [0x00000000eab00000,0x00000000eab00000,0x00000000eae00000)
  from space 7168K, 99% used [0x00000000eb580000,0x00000000ebc7bd30,0x00000000ebc80000)
  to   space 7680K, 0% used [0x00000000eae00000,0x00000000eae00000,0x00000000eb580000)
 ParOldGen       total 493568K, used 468936K [0x00000000c0000000, 0x00000000de200000, 0x00000000eab00000)
  object space 493568K, 95% used [0x00000000c0000000,0x00000000dc9f2238,0x00000000de200000)
 Metaspace       used 83517K, committed 84864K, reserved 1179648K
  class space    used 8520K, committed 9088K, reserved 1048576K
}
Event: 107.298 GC heap before
{Heap before GC invocations=471 (full 19):
 PSYoungGen      total 10240K, used 10223K [0x00000000eab00000, 0x00000000ebd80000, 0x0000000100000000)
  eden space 3072K, 100% used [0x00000000eab00000,0x00000000eae00000,0x00000000eae00000)
  from space 7168K, 99% used [0x00000000eb580000,0x00000000ebc7bd30,0x00000000ebc80000)
  to   space 7680K, 0% used [0x00000000eae00000,0x00000000eae00000,0x00000000eb580000)
 ParOldGen       total 493568K, used 468936K [0x00000000c0000000, 0x00000000de200000, 0x00000000eab00000)
  object space 493568K, 95% used [0x00000000c0000000,0x00000000dc9f2238,0x00000000de200000)
 Metaspace       used 83543K, committed 84864K, reserved 1179648K
  class space    used 8520K, committed 9088K, reserved 1048576K
}
Event: 107.318 GC heap after
{Heap after GC invocations=471 (full 19):
 PSYoungGen      total 7168K, used 4027K [0x00000000eab00000, 0x00000000eb980000, 0x0000000100000000)
  eden space 3072K, 0% used [0x00000000eab00000,0x00000000eab00000,0x00000000eae00000)
  from space 4096K, 98% used [0x00000000eae00000,0x00000000eb1eee90,0x00000000eb200000)
  to   space 5632K, 0% used [0x00000000eb400000,0x00000000eb400000,0x00000000eb980000)
 ParOldGen       total 493568K, used 473840K [0x00000000c0000000, 0x00000000de200000, 0x00000000eab00000)
  object space 493568K, 96% used [0x00000000c0000000,0x00000000dcebc130,0x00000000de200000)
 Metaspace       used 83543K, committed 84864K, reserved 1179648K
  class space    used 8520K, committed 9088K, reserved 1048576K
}
Event: 107.631 GC heap before
{Heap before GC invocations=472 (full 19):
 PSYoungGen      total 7168K, used 7099K [0x00000000eab00000, 0x00000000eb980000, 0x0000000100000000)
  eden space 3072K, 100% used [0x00000000eab00000,0x00000000eae00000,0x00000000eae00000)
  from space 4096K, 98% used [0x00000000eae00000,0x00000000eb1eee90,0x00000000eb200000)
  to   space 5632K, 0% used [0x00000000eb400000,0x00000000eb400000,0x00000000eb980000)
 ParOldGen       total 493568K, used 473840K [0x00000000c0000000, 0x00000000de200000, 0x00000000eab00000)
  object space 493568K, 96% used [0x00000000c0000000,0x00000000dcebc130,0x00000000de200000)
 Metaspace       used 83622K, committed 84928K, reserved 1179648K
  class space    used 8520K, committed 9088K, reserved 1048576K
}
Event: 107.640 GC heap after
{Heap after GC invocations=472 (full 19):
 PSYoungGen      total 9216K, used 5275K [0x00000000eab00000, 0x00000000eb980000, 0x0000000100000000)
  eden space 3584K, 0% used [0x00000000eab00000,0x00000000eab00000,0x00000000eae80000)
  from space 5632K, 93% used [0x00000000eb400000,0x00000000eb926e90,0x00000000eb980000)
  to   space 5632K, 0% used [0x00000000eae80000,0x00000000eae80000,0x00000000eb400000)
 ParOldGen       total 493568K, used 473848K [0x00000000c0000000, 0x00000000de200000, 0x00000000eab00000)
  object space 493568K, 96% used [0x00000000c0000000,0x00000000dcebe130,0x00000000de200000)
 Metaspace       used 83622K, committed 84928K, reserved 1179648K
  class space    used 8520K, committed 9088K, reserved 1048576K
}
Event: 107.774 GC heap before
{Heap before GC invocations=473 (full 19):
 PSYoungGen      total 9216K, used 8767K [0x00000000eab00000, 0x00000000eb980000, 0x0000000100000000)
  eden space 3584K, 97% used [0x00000000eab00000,0x00000000eae69158,0x00000000eae80000)
  from space 5632K, 93% used [0x00000000eb400000,0x00000000eb926e90,0x00000000eb980000)
  to   space 5632K, 0% used [0x00000000eae80000,0x00000000eae80000,0x00000000eb400000)
 ParOldGen       total 493568K, used 473848K [0x00000000c0000000, 0x00000000de200000, 0x00000000eab00000)
  object space 493568K, 96% used [0x00000000c0000000,0x00000000dcebe130,0x00000000de200000)
 Metaspace       used 83730K, committed 85056K, reserved 1179648K
  class space    used 8520K, committed 9088K, reserved 1048576K
}
Event: 107.787 GC heap after
{Heap after GC invocations=473 (full 19):
 PSYoungGen      total 9216K, used 5627K [0x00000000eab00000, 0x00000000ebe00000, 0x0000000100000000)
  eden space 3584K, 0% used [0x00000000eab00000,0x00000000eab00000,0x00000000eae80000)
  from space 5632K, 99% used [0x00000000eae80000,0x00000000eb3fee60,0x00000000eb400000)
  to   space 7680K, 0% used [0x00000000eb680000,0x00000000eb680000,0x00000000ebe00000)
 ParOldGen       total 493568K, used 475242K [0x00000000c0000000, 0x00000000de200000, 0x00000000eab00000)
  object space 493568K, 96% used [0x00000000c0000000,0x00000000dd01ab18,0x00000000de200000)
 Metaspace       used 83730K, committed 85056K, reserved 1179648K
  class space    used 8520K, committed 9088K, reserved 1048576K
}
Event: 107.930 GC heap before
{Heap before GC invocations=474 (full 19):
 PSYoungGen      total 9216K, used 9211K [0x00000000eab00000, 0x00000000ebe00000, 0x0000000100000000)
  eden space 3584K, 100% used [0x00000000eab00000,0x00000000eae80000,0x00000000eae80000)
  from space 5632K, 99% used [0x00000000eae80000,0x00000000eb3fee60,0x00000000eb400000)
  to   space 7680K, 0% used [0x00000000eb680000,0x00000000eb680000,0x00000000ebe00000)
 ParOldGen       total 493568K, used 475242K [0x00000000c0000000, 0x00000000de200000, 0x00000000eab00000)
  object space 493568K, 96% used [0x00000000c0000000,0x00000000dd01ab18,0x00000000de200000)
 Metaspace       used 83745K, committed 85056K, reserved 1179648K
  class space    used 8520K, committed 9088K, reserved 1048576K
}
Event: 107.943 GC heap after
{Heap after GC invocations=474 (full 19):
 PSYoungGen      total 8704K, used 4503K [0x00000000eab00000, 0x00000000ebb00000, 0x0000000100000000)
  eden space 4096K, 0% used [0x00000000eab00000,0x00000000eab00000,0x00000000eaf00000)
  from space 4608K, 97% used [0x00000000eb680000,0x00000000ebae5eb8,0x00000000ebb00000)
  to   space 5632K, 0% used [0x00000000eb000000,0x00000000eb000000,0x00000000eb580000)
 ParOldGen       total 493568K, used 478360K [0x00000000c0000000, 0x00000000de200000, 0x00000000eab00000)
  object space 493568K, 96% used [0x00000000c0000000,0x00000000dd326368,0x00000000de200000)
 Metaspace       used 83745K, committed 85056K, reserved 1179648K
  class space    used 8520K, committed 9088K, reserved 1048576K
}

