# JRE version: OpenJDK Runtime Environment OpenLogic-OpenJDK (11.0.21+9) (build 11.0.21+9-adhoc..jdk11u)
# Java VM: OpenJDK 64-Bit Server VM OpenLogic-OpenJDK (11.0.21+9-adhoc..jdk11u, mixed mode, tiered, compressed oops, g1 gc, windows-amd64)
Heap:
 garbage-first heap   total 162816K, used 113433K [0x0000000081400000, 0x0000000100000000)
  region size 1024K, 97 young (99328K), 12 survivors (12288K)
 Metaspace       used 34779K, capacity 35579K, committed 35712K, reserved 1081344K
  class space    used 3652K, capacity 3956K, committed 3968K, reserved 1048576K
GC Heap History (17 events):
Event: 0.720 GC heap before
{Heap before GC invocations=0 (full 0):
 garbage-first heap   total 131072K, used 14336K [0x0000000081400000, 0x0000000100000000)
  region size 1024K, 14 young (14336K), 0 survivors (0K)
 Metaspace       used 11333K, capacity 11505K, committed 11648K, reserved 1060864K
  class space    used 1051K, capacity 1135K, committed 1152K, reserved 1048576K
}
Event: 0.725 GC heap after
{Heap after GC invocations=1 (full 0):
 garbage-first heap   total 131072K, used 3201K [0x0000000081400000, 0x0000000100000000)
  region size 1024K, 2 young (2048K), 2 survivors (2048K)
 Metaspace       used 11333K, capacity 11505K, committed 11648K, reserved 1060864K
  class space    used 1051K, capacity 1135K, committed 1152K, reserved 1048576K
}
Event: 1.019 GC heap before
{Heap before GC invocations=1 (full 0):
 garbage-first heap   total 131072K, used 17537K [0x0000000081400000, 0x0000000100000000)
  region size 1024K, 16 young (16384K), 2 survivors (2048K)
 Metaspace       used 13673K, capacity 13886K, committed 14080K, reserved 1062912K
  class space    used 1389K, capacity 1482K, committed 1536K, reserved 1048576K
}
Event: 1.024 GC heap after
{Heap after GC invocations=2 (full 0):
 garbage-first heap   total 131072K, used 3904K [0x0000000081400000, 0x0000000100000000)
  region size 1024K, 1 young (1024K), 1 survivors (1024K)
 Metaspace       used 13673K, capacity 13886K, committed 14080K, reserved 1062912K
  class space    used 1389K, capacity 1482K, committed 1536K, reserved 1048576K
}
Event: 1.692 GC heap before
{Heap before GC invocations=2 (full 0):
 garbage-first heap   total 131072K, used 34624K [0x0000000081400000, 0x0000000100000000)
  region size 1024K, 31 young (31744K), 1 survivors (1024K)
 Metaspace       used 17477K, capacity 17827K, committed 17920K, reserved 1064960K
  class space    used 1847K, capacity 1981K, committed 2048K, reserved 1048576K
}
Event: 1.696 GC heap after
{Heap after GC invocations=3 (full 0):
 garbage-first heap   total 131072K, used 5299K [0x0000000081400000, 0x0000000100000000)
  region size 1024K, 2 young (2048K), 2 survivors (2048K)
 Metaspace       used 17477K, capacity 17827K, committed 17920K, reserved 1064960K
  class space    used 1847K, capacity 1981K, committed 2048K, reserved 1048576K
}
Event: 2.433 GC heap before
{Heap before GC invocations=3 (full 0):
 garbage-first heap   total 131072K, used 23731K [0x0000000081400000, 0x0000000100000000)
  region size 1024K, 21 young (21504K), 2 survivors (2048K)
 Metaspace       used 20862K, capacity 21215K, committed 21296K, reserved 1069056K
  class space    used 2286K, capacity 2425K, committed 2432K, reserved 1048576K
}
Event: 2.443 GC heap after
{Heap after GC invocations=4 (full 0):
 garbage-first heap   total 131072K, used 6668K [0x0000000081400000, 0x0000000100000000)
  region size 1024K, 4 young (4096K), 4 survivors (4096K)
 Metaspace       used 20862K, capacity 21215K, committed 21296K, reserved 1069056K
  class space    used 2286K, capacity 2425K, committed 2432K, reserved 1048576K
}
Event: 4.481 GC heap before
{Heap before GC invocations=5 (full 0):
 garbage-first heap   total 131072K, used 54796K [0x0000000081400000, 0x0000000100000000)
  region size 1024K, 51 young (52224K), 4 survivors (4096K)
 Metaspace       used 24108K, capacity 24669K, committed 24832K, reserved 1071104K
  class space    used 2589K, capacity 2767K, committed 2816K, reserved 1048576K
}
Event: 4.496 GC heap after
{Heap after GC invocations=6 (full 0):
 garbage-first heap   total 131072K, used 11859K [0x0000000081400000, 0x0000000100000000)
  region size 1024K, 7 young (7168K), 7 survivors (7168K)
 Metaspace       used 24108K, capacity 24669K, committed 24832K, reserved 1071104K
  class space    used 2589K, capacity 2767K, committed 2816K, reserved 1048576K
}
Event: 5.873 GC heap before
{Heap before GC invocations=6 (full 0):
 garbage-first heap   total 131072K, used 79443K [0x0000000081400000, 0x0000000100000000)
  region size 1024K, 73 young (74752K), 7 survivors (7168K)
 Metaspace       used 24847K, capacity 25404K, committed 25600K, reserved 1073152K
  class space    used 2593K, capacity 2773K, committed 2816K, reserved 1048576K
}
Event: 5.901 GC heap after
{Heap after GC invocations=7 (full 0):
 garbage-first heap   total 157696K, used 14784K [0x0000000081400000, 0x0000000100000000)
  region size 1024K, 7 young (7168K), 7 survivors (7168K)
 Metaspace       used 24847K, capacity 25404K, committed 25600K, reserved 1073152K
  class space    used 2593K, capacity 2773K, committed 2816K, reserved 1048576K
}
Event: 7.760 GC heap before
{Heap before GC invocations=7 (full 0):
 garbage-first heap   total 157696K, used 92608K [0x0000000081400000, 0x0000000100000000)
  region size 1024K, 83 young (84992K), 7 survivors (7168K)
 Metaspace       used 25195K, capacity 25726K, committed 25856K, reserved 1073152K
  class space    used 2594K, capacity 2773K, committed 2816K, reserved 1048576K
}
Event: 7.777 GC heap after
{Heap after GC invocations=8 (full 0):
 garbage-first heap   total 157696K, used 18635K [0x0000000081400000, 0x0000000100000000)
  region size 1024K, 7 young (7168K), 7 survivors (7168K)
 Metaspace       used 25195K, capacity 25726K, committed 25856K, reserved 1073152K
  class space    used 2594K, capacity 2773K, committed 2816K, reserved 1048576K
}
Event: 10.024 GC heap before
{Heap before GC invocations=8 (full 0):
 garbage-first heap   total 157696K, used 151755K [0x0000000081400000, 0x0000000100000000)
  region size 1024K, 89 young (91136K), 7 survivors (7168K)
 Metaspace       used 26510K, capacity 27153K, committed 27264K, reserved 1073152K
  class space    used 2725K, capacity 2930K, committed 2944K, reserved 1048576K
}
Event: 10.039 GC heap after
{Heap after GC invocations=9 (full 0):
 garbage-first heap   total 162816K, used 22297K [0x0000000081400000, 0x0000000100000000)
  region size 1024K, 10 young (10240K), 10 survivors (10240K)
 Metaspace       used 26510K, capacity 27153K, committed 27264K, reserved 1073152K
  class space    used 2725K, capacity 2930K, committed 2944K, reserved 1048576K
}
Event: 13.694 GC heap before
{Heap before GC invocations=9 (full 0):
 garbage-first heap   total 162816K, used 112409K [0x0000000081400000, 0x0000000100000000)
  region size 1024K, 95 young (97280K), 10 survivors (10240K)
 Metaspace       used 34779K, capacity 35579K, committed 35712K, reserved 1081344K
  class space    used 3652K, capacity 3956K, committed 3968K, reserved 1048576K
}

