# JRE version: OpenJDK Runtime Environment Temurin-17.0.12+7 (17.0.12+7) (build 17.0.12+7)
# Java VM: OpenJDK 64-Bit Server VM Temurin-17.0.12+7 (17.0.12+7, mixed mode, tiered, compressed oops, compressed class ptrs, parallel gc, windows-amd64)
GC Precious Log:
 CPUs: 4 total, 4 available
 Memory: 8105M
 Large Page Support: Disabled
 NUMA Support: Disabled
 Compressed Oops: Enabled (32-bit)
 Alignments: Space 512K, Generation 512K, Heap 2M
 Heap Min Capacity: 100M
 Heap Initial Capacity: 100M
 Heap Max Capacity: 1G
 Pre-touch: Disabled
 Parallel Workers: 4
Heap:
 PSYoungGen      total 10240K, used 4417K [0x00000000eab00000, 0x00000000eba80000, 0x0000000100000000)
  eden space 5632K, 0% used [0x00000000eab00000,0x00000000eab00000,0x00000000eb080000)
  from space 4608K, 95% used [0x00000000eb080000,0x00000000eb4d04e0,0x00000000eb500000)
  to   space 5120K, 0% used [0x00000000eb580000,0x00000000eb580000,0x00000000eba80000)
 ParOldGen       total 275456K, used 274916K [0x00000000c0000000, 0x00000000d0d00000, 0x00000000eab00000)
  object space 275456K, 99% used [0x00000000c0000000,0x00000000d0c792f0,0x00000000d0d00000)
 Metaspace       used 94942K, committed 96320K, reserved 1179648K
  class space    used 9186K, committed 9856K, reserved 1048576K
GC Heap History (20 events):
Event: 877.364 GC heap after
{Heap after GC invocations=5120 (full 98):
 PSYoungGen      total 7168K, used 640K [0x00000000eab00000, 0x00000000eb580000, 0x0000000100000000)
  eden space 6144K, 0% used [0x00000000eab00000,0x00000000eab00000,0x00000000eb100000)
  from space 1024K, 62% used [0x00000000eb480000,0x00000000eb520000,0x00000000eb580000)
  to   space 1024K, 0% used [0x00000000eb100000,0x00000000eb100000,0x00000000eb200000)
 ParOldGen       total 275456K, used 260299K [0x00000000c0000000, 0x00000000d0d00000, 0x00000000eab00000)
  object space 275456K, 94% used [0x00000000c0000000,0x00000000cfe32dd8,0x00000000d0d00000)
 Metaspace       used 94942K, committed 96320K, reserved 1179648K
  class space    used 9186K, committed 9856K, reserved 1048576K
}
Event: 877.401 GC heap before
{Heap before GC invocations=5121 (full 98):
 PSYoungGen      total 7168K, used 6784K [0x00000000eab00000, 0x00000000eb580000, 0x0000000100000000)
  eden space 6144K, 100% used [0x00000000eab00000,0x00000000eb100000,0x00000000eb100000)
  from space 1024K, 62% used [0x00000000eb480000,0x00000000eb520000,0x00000000eb580000)
  to   space 1024K, 0% used [0x00000000eb100000,0x00000000eb100000,0x00000000eb200000)
 ParOldGen       total 275456K, used 260299K [0x00000000c0000000, 0x00000000d0d00000, 0x00000000eab00000)
  object space 275456K, 94% used [0x00000000c0000000,0x00000000cfe32dd8,0x00000000d0d00000)
 Metaspace       used 94942K, committed 96320K, reserved 1179648K
  class space    used 9186K, committed 9856K, reserved 1048576K
}
Event: 877.406 GC heap after
{Heap after GC invocations=5121 (full 98):
 PSYoungGen      total 7168K, used 993K [0x00000000eab00000, 0x00000000eb500000, 0x0000000100000000)
  eden space 6144K, 0% used [0x00000000eab00000,0x00000000eab00000,0x00000000eb100000)
  from space 1024K, 96% used [0x00000000eb100000,0x00000000eb1f84e0,0x00000000eb200000)
  to   space 1536K, 0% used [0x00000000eb380000,0x00000000eb380000,0x00000000eb500000)
 ParOldGen       total 275456K, used 260811K [0x00000000c0000000, 0x00000000d0d00000, 0x00000000eab00000)
  object space 275456K, 94% used [0x00000000c0000000,0x00000000cfeb2de8,0x00000000d0d00000)
 Metaspace       used 94942K, committed 96320K, reserved 1179648K
  class space    used 9186K, committed 9856K, reserved 1048576K
}
Event: 877.436 GC heap before
{Heap before GC invocations=5122 (full 98):
 PSYoungGen      total 7168K, used 7137K [0x00000000eab00000, 0x00000000eb500000, 0x0000000100000000)
  eden space 6144K, 100% used [0x00000000eab00000,0x00000000eb100000,0x00000000eb100000)
  from space 1024K, 96% used [0x00000000eb100000,0x00000000eb1f84e0,0x00000000eb200000)
  to   space 1536K, 0% used [0x00000000eb380000,0x00000000eb380000,0x00000000eb500000)
 ParOldGen       total 275456K, used 260811K [0x00000000c0000000, 0x00000000d0d00000, 0x00000000eab00000)
  object space 275456K, 94% used [0x00000000c0000000,0x00000000cfeb2de8,0x00000000d0d00000)
 Metaspace       used 94942K, committed 96320K, reserved 1179648K
  class space    used 9186K, committed 9856K, reserved 1048576K
}
Event: 877.444 GC heap after
{Heap after GC invocations=5122 (full 98):
 PSYoungGen      total 7168K, used 560K [0x00000000eab00000, 0x00000000eb480000, 0x0000000100000000)
  eden space 6144K, 0% used [0x00000000eab00000,0x00000000eab00000,0x00000000eb100000)
  from space 1024K, 54% used [0x00000000eb380000,0x00000000eb40c010,0x00000000eb480000)
  to   space 1024K, 0% used [0x00000000eb100000,0x00000000eb100000,0x00000000eb200000)
 ParOldGen       total 275456K, used 261716K [0x00000000c0000000, 0x00000000d0d00000, 0x00000000eab00000)
  object space 275456K, 95% used [0x00000000c0000000,0x00000000cff950e8,0x00000000d0d00000)
 Metaspace       used 94942K, committed 96320K, reserved 1179648K
  class space    used 9186K, committed 9856K, reserved 1048576K
}
Event: 877.494 GC heap before
{Heap before GC invocations=5123 (full 98):
 PSYoungGen      total 7168K, used 6704K [0x00000000eab00000, 0x00000000eb480000, 0x0000000100000000)
  eden space 6144K, 100% used [0x00000000eab00000,0x00000000eb100000,0x00000000eb100000)
  from space 1024K, 54% used [0x00000000eb380000,0x00000000eb40c010,0x00000000eb480000)
  to   space 1024K, 0% used [0x00000000eb100000,0x00000000eb100000,0x00000000eb200000)
 ParOldGen       total 275456K, used 261716K [0x00000000c0000000, 0x00000000d0d00000, 0x00000000eab00000)
  object space 275456K, 95% used [0x00000000c0000000,0x00000000cff950e8,0x00000000d0d00000)
 Metaspace       used 94942K, committed 96320K, reserved 1179648K
  class space    used 9186K, committed 9856K, reserved 1048576K
}
Event: 877.496 GC heap after
{Heap after GC invocations=5123 (full 98):
 PSYoungGen      total 7168K, used 448K [0x00000000eab00000, 0x00000000eb400000, 0x0000000100000000)
  eden space 6144K, 0% used [0x00000000eab00000,0x00000000eab00000,0x00000000eb100000)
  from space 1024K, 43% used [0x00000000eb100000,0x00000000eb170000,0x00000000eb200000)
  to   space 1024K, 0% used [0x00000000eb300000,0x00000000eb300000,0x00000000eb400000)
 ParOldGen       total 275456K, used 262212K [0x00000000c0000000, 0x00000000d0d00000, 0x00000000eab00000)
  object space 275456K, 95% used [0x00000000c0000000,0x00000000d0011148,0x00000000d0d00000)
 Metaspace       used 94942K, committed 96320K, reserved 1179648K
  class space    used 9186K, committed 9856K, reserved 1048576K
}
Event: 877.537 GC heap before
{Heap before GC invocations=5124 (full 98):
 PSYoungGen      total 7168K, used 6592K [0x00000000eab00000, 0x00000000eb400000, 0x0000000100000000)
  eden space 6144K, 100% used [0x00000000eab00000,0x00000000eb100000,0x00000000eb100000)
  from space 1024K, 43% used [0x00000000eb100000,0x00000000eb170000,0x00000000eb200000)
  to   space 1024K, 0% used [0x00000000eb300000,0x00000000eb300000,0x00000000eb400000)
 ParOldGen       total 275456K, used 262212K [0x00000000c0000000, 0x00000000d0d00000, 0x00000000eab00000)
  object space 275456K, 95% used [0x00000000c0000000,0x00000000d0011148,0x00000000d0d00000)
 Metaspace       used 94942K, committed 96320K, reserved 1179648K
  class space    used 9186K, committed 9856K, reserved 1048576K
}
Event: 877.541 GC heap after
{Heap after GC invocations=5124 (full 98):
 PSYoungGen      total 7168K, used 608K [0x00000000eab00000, 0x00000000eb400000, 0x0000000100000000)
  eden space 6144K, 0% used [0x00000000eab00000,0x00000000eab00000,0x00000000eb100000)
  from space 1024K, 59% used [0x00000000eb300000,0x00000000eb398000,0x00000000eb400000)
  to   space 1024K, 0% used [0x00000000eb100000,0x00000000eb100000,0x00000000eb200000)
 ParOldGen       total 275456K, used 262604K [0x00000000c0000000, 0x00000000d0d00000, 0x00000000eab00000)
  object space 275456K, 95% used [0x00000000c0000000,0x00000000d00731c8,0x00000000d0d00000)
 Metaspace       used 94942K, committed 96320K, reserved 1179648K
  class space    used 9186K, committed 9856K, reserved 1048576K
}
Event: 877.579 GC heap before
{Heap before GC invocations=5125 (full 98):
 PSYoungGen      total 7168K, used 6752K [0x00000000eab00000, 0x00000000eb400000, 0x0000000100000000)
  eden space 6144K, 100% used [0x00000000eab00000,0x00000000eb100000,0x00000000eb100000)
  from space 1024K, 59% used [0x00000000eb300000,0x00000000eb398000,0x00000000eb400000)
  to   space 1024K, 0% used [0x00000000eb100000,0x00000000eb100000,0x00000000eb200000)
 ParOldGen       total 275456K, used 262604K [0x00000000c0000000, 0x00000000d0d00000, 0x00000000eab00000)
  object space 275456K, 95% used [0x00000000c0000000,0x00000000d00731c8,0x00000000d0d00000)
 Metaspace       used 94942K, committed 96320K, reserved 1179648K
  class space    used 9186K, committed 9856K, reserved 1048576K
}
Event: 877.584 GC heap after
{Heap after GC invocations=5125 (full 98):
 PSYoungGen      total 7168K, used 768K [0x00000000eab00000, 0x00000000eb380000, 0x0000000100000000)
  eden space 6144K, 0% used [0x00000000eab00000,0x00000000eab00000,0x00000000eb100000)
  from space 1024K, 75% used [0x00000000eb100000,0x00000000eb1c0000,0x00000000eb200000)
  to   space 1024K, 0% used [0x00000000eb280000,0x00000000eb280000,0x00000000eb380000)
 ParOldGen       total 275456K, used 263160K [0x00000000c0000000, 0x00000000d0d00000, 0x00000000eab00000)
  object space 275456K, 95% used [0x00000000c0000000,0x00000000d00fe238,0x00000000d0d00000)
 Metaspace       used 94942K, committed 96320K, reserved 1179648K
  class space    used 9186K, committed 9856K, reserved 1048576K
}
Event: 877.938 GC heap before
{Heap before GC invocations=5126 (full 98):
 PSYoungGen      total 7168K, used 6912K [0x00000000eab00000, 0x00000000eb380000, 0x0000000100000000)
  eden space 6144K, 100% used [0x00000000eab00000,0x00000000eb100000,0x00000000eb100000)
  from space 1024K, 75% used [0x00000000eb100000,0x00000000eb1c0000,0x00000000eb200000)
  to   space 1024K, 0% used [0x00000000eb280000,0x00000000eb280000,0x00000000eb380000)
 ParOldGen       total 275456K, used 263160K [0x00000000c0000000, 0x00000000d0d00000, 0x00000000eab00000)
  object space 275456K, 95% used [0x00000000c0000000,0x00000000d00fe238,0x00000000d0d00000)
 Metaspace       used 94942K, committed 96320K, reserved 1179648K
  class space    used 9186K, committed 9856K, reserved 1048576K
}
Event: 877.941 GC heap after
{Heap after GC invocations=5126 (full 98):
 PSYoungGen      total 7168K, used 992K [0x00000000eab00000, 0x00000000eb400000, 0x0000000100000000)
  eden space 6144K, 0% used [0x00000000eab00000,0x00000000eab00000,0x00000000eb100000)
  from space 1024K, 96% used [0x00000000eb280000,0x00000000eb3781f0,0x00000000eb380000)
  to   space 1536K, 0% used [0x00000000eb100000,0x00000000eb100000,0x00000000eb280000)
 ParOldGen       total 275456K, used 263760K [0x00000000c0000000, 0x00000000d0d00000, 0x00000000eab00000)
  object space 275456K, 95% used [0x00000000c0000000,0x00000000d01943a0,0x00000000d0d00000)
 Metaspace       used 94942K, committed 96320K, reserved 1179648K
  class space    used 9186K, committed 9856K, reserved 1048576K
}
Event: 877.983 GC heap before
{Heap before GC invocations=5127 (full 98):
 PSYoungGen      total 7168K, used 7136K [0x00000000eab00000, 0x00000000eb400000, 0x0000000100000000)
  eden space 6144K, 100% used [0x00000000eab00000,0x00000000eb100000,0x00000000eb100000)
  from space 1024K, 96% used [0x00000000eb280000,0x00000000eb3781f0,0x00000000eb380000)
  to   space 1536K, 0% used [0x00000000eb100000,0x00000000eb100000,0x00000000eb280000)
 ParOldGen       total 275456K, used 263760K [0x00000000c0000000, 0x00000000d0d00000, 0x00000000eab00000)
  object space 275456K, 95% used [0x00000000c0000000,0x00000000d01943a0,0x00000000d0d00000)
 Metaspace       used 94942K, committed 96320K, reserved 1179648K
  class space    used 9186K, committed 9856K, reserved 1048576K
}
Event: 877.989 GC heap after
{Heap after GC invocations=5127 (full 98):
 PSYoungGen      total 7680K, used 1513K [0x00000000eab00000, 0x00000000ebd00000, 0x0000000100000000)
  eden space 6144K, 0% used [0x00000000eab00000,0x00000000eab00000,0x00000000eb100000)
  from space 1536K, 98% used [0x00000000eb100000,0x00000000eb27a5a0,0x00000000eb280000)
  to   space 6144K, 0% used [0x00000000eb700000,0x00000000eb700000,0x00000000ebd00000)
 ParOldGen       total 275456K, used 267219K [0x00000000c0000000, 0x00000000d0d00000, 0x00000000eab00000)
  object space 275456K, 97% used [0x00000000c0000000,0x00000000d04f4d50,0x00000000d0d00000)
 Metaspace       used 94942K, committed 96320K, reserved 1179648K
  class space    used 9186K, committed 9856K, reserved 1048576K
}
Event: 878.032 GC heap before
{Heap before GC invocations=5128 (full 98):
 PSYoungGen      total 7680K, used 7657K [0x00000000eab00000, 0x00000000ebd00000, 0x0000000100000000)
  eden space 6144K, 100% used [0x00000000eab00000,0x00000000eb100000,0x00000000eb100000)
  from space 1536K, 98% used [0x00000000eb100000,0x00000000eb27a5a0,0x00000000eb280000)
  to   space 6144K, 0% used [0x00000000eb700000,0x00000000eb700000,0x00000000ebd00000)
 ParOldGen       total 275456K, used 267219K [0x00000000c0000000, 0x00000000d0d00000, 0x00000000eab00000)
  object space 275456K, 97% used [0x00000000c0000000,0x00000000d04f4d50,0x00000000d0d00000)
 Metaspace       used 94942K, committed 96320K, reserved 1179648K
  class space    used 9186K, committed 9856K, reserved 1048576K
}
Event: 878.041 GC heap after
{Heap after GC invocations=5128 (full 98):
 PSYoungGen      total 11776K, used 6144K [0x00000000eab00000, 0x00000000ebe00000, 0x0000000100000000)
  eden space 5632K, 0% used [0x00000000eab00000,0x00000000eab00000,0x00000000eb080000)
  from space 6144K, 100% used [0x00000000eb700000,0x00000000ebd00000,0x00000000ebd00000)
  to   space 6656K, 0% used [0x00000000eb080000,0x00000000eb080000,0x00000000eb700000)
 ParOldGen       total 275456K, used 268756K [0x00000000c0000000, 0x00000000d0d00000, 0x00000000eab00000)
  object space 275456K, 97% used [0x00000000c0000000,0x00000000d06752f0,0x00000000d0d00000)
 Metaspace       used 94942K, committed 96320K, reserved 1179648K
  class space    used 9186K, committed 9856K, reserved 1048576K
}
Event: 878.077 GC heap before
{Heap before GC invocations=5129 (full 98):
 PSYoungGen      total 11776K, used 11776K [0x00000000eab00000, 0x00000000ebe00000, 0x0000000100000000)
  eden space 5632K, 100% used [0x00000000eab00000,0x00000000eb080000,0x00000000eb080000)
  from space 6144K, 100% used [0x00000000eb700000,0x00000000ebd00000,0x00000000ebd00000)
  to   space 6656K, 0% used [0x00000000eb080000,0x00000000eb080000,0x00000000eb700000)
 ParOldGen       total 275456K, used 268756K [0x00000000c0000000, 0x00000000d0d00000, 0x00000000eab00000)
  object space 275456K, 97% used [0x00000000c0000000,0x00000000d06752f0,0x00000000d0d00000)
 Metaspace       used 94942K, committed 96320K, reserved 1179648K
  class space    used 9186K, committed 9856K, reserved 1048576K
}
Event: 878.086 GC heap after
{Heap after GC invocations=5129 (full 98):
 PSYoungGen      total 10240K, used 4417K [0x00000000eab00000, 0x00000000eba80000, 0x0000000100000000)
  eden space 5632K, 0% used [0x00000000eab00000,0x00000000eab00000,0x00000000eb080000)
  from space 4608K, 95% used [0x00000000eb080000,0x00000000eb4d04e0,0x00000000eb500000)
  to   space 5120K, 0% used [0x00000000eb580000,0x00000000eb580000,0x00000000eba80000)
 ParOldGen       total 275456K, used 274916K [0x00000000c0000000, 0x00000000d0d00000, 0x00000000eab00000)
  object space 275456K, 99% used [0x00000000c0000000,0x00000000d0c792f0,0x00000000d0d00000)
 Metaspace       used 94942K, committed 96320K, reserved 1179648K
  class space    used 9186K, committed 9856K, reserved 1048576K
}
Event: 878.086 GC heap before
{Heap before GC invocations=5130 (full 99):
 PSYoungGen      total 10240K, used 4417K [0x00000000eab00000, 0x00000000eba80000, 0x0000000100000000)
  eden space 5632K, 0% used [0x00000000eab00000,0x00000000eab00000,0x00000000eb080000)
  from space 4608K, 95% used [0x00000000eb080000,0x00000000eb4d04e0,0x00000000eb500000)
  to   space 5120K, 0% used [0x00000000eb580000,0x00000000eb580000,0x00000000eba80000)
 ParOldGen       total 275456K, used 274916K [0x00000000c0000000, 0x00000000d0d00000, 0x00000000eab00000)
  object space 275456K, 99% used [0x00000000c0000000,0x00000000d0c792f0,0x00000000d0d00000)
 Metaspace       used 94942K, committed 96320K, reserved 1179648K
  class space    used 9186K, committed 9856K, reserved 1048576K
}

