# JRE version: OpenJDK Runtime Environment Temurin-17.0.12+7 (17.0.12+7) (build 17.0.12+7)
# Java VM: OpenJDK 64-Bit Server VM Temurin-17.0.12+7 (17.0.12+7, mixed mode, tiered, compressed oops, compressed class ptrs, parallel gc, windows-amd64)
GC Precious Log:
 CPUs: 4 total, 4 available
 Memory: 8105M
 Large Page Support: Disabled
 NUMA Support: Disabled
 Compressed Oops: Enabled (32-bit)
 Alignments: Space 512K, Generation 512K, Heap 2M
 Heap Min Capacity: 100M
 Heap Initial Capacity: 100M
 Heap Max Capacity: 1G
 Pre-touch: Disabled
 Parallel Workers: 4
Heap:
 PSYoungGen      total 11776K, used 2559K [0x00000000eab00000, 0x00000000ebf80000, 0x0000000100000000)
  eden space 2560K, 99% used [0x00000000eab00000,0x00000000ead7ffe0,0x00000000ead80000)
  from space 9216K, 0% used [0x00000000ead80000,0x00000000ead80000,0x00000000eb680000)
  to   space 9216K, 0% used [0x00000000eb680000,0x00000000eb680000,0x00000000ebf80000)
 ParOldGen       total 181760K, used 133832K [0x00000000c0000000, 0x00000000cb180000, 0x00000000eab00000)
  object space 181760K, 73% used [0x00000000c0000000,0x00000000c82b21e0,0x00000000cb180000)
 Metaspace       used 89870K, committed 91264K, reserved 1179648K
  class space    used 8952K, committed 9600K, reserved 1048576K
GC Heap History (20 events):
Event: 2370.247 GC heap after
{Heap after GC invocations=635 (full 23):
 PSYoungGen      total 10752K, used 1001K [0x00000000eab00000, 0x00000000eb980000, 0x0000000100000000)
  eden space 9728K, 0% used [0x00000000eab00000,0x00000000eab00000,0x00000000eb480000)
  from space 1024K, 97% used [0x00000000eb780000,0x00000000eb87a400,0x00000000eb880000)
  to   space 2560K, 0% used [0x00000000eb480000,0x00000000eb480000,0x00000000eb700000)
 ParOldGen       total 185856K, used 171914K [0x00000000c0000000, 0x00000000cb580000, 0x00000000eab00000)
  object space 185856K, 92% used [0x00000000c0000000,0x00000000ca7e2a58,0x00000000cb580000)
 Metaspace       used 89837K, committed 91264K, reserved 1179648K
  class space    used 8952K, committed 9600K, reserved 1048576K
}
Event: 2370.267 GC heap before
{Heap before GC invocations=636 (full 23):
 PSYoungGen      total 10752K, used 10729K [0x00000000eab00000, 0x00000000eb980000, 0x0000000100000000)
  eden space 9728K, 100% used [0x00000000eab00000,0x00000000eb480000,0x00000000eb480000)
  from space 1024K, 97% used [0x00000000eb780000,0x00000000eb87a400,0x00000000eb880000)
  to   space 2560K, 0% used [0x00000000eb480000,0x00000000eb480000,0x00000000eb700000)
 ParOldGen       total 185856K, used 171914K [0x00000000c0000000, 0x00000000cb580000, 0x00000000eab00000)
  object space 185856K, 92% used [0x00000000c0000000,0x00000000ca7e2a58,0x00000000cb580000)
 Metaspace       used 89838K, committed 91264K, reserved 1179648K
  class space    used 8952K, committed 9600K, reserved 1048576K
}
Event: 2370.269 GC heap after
{Heap after GC invocations=636 (full 23):
 PSYoungGen      total 10752K, used 608K [0x00000000eab00000, 0x00000000eb800000, 0x0000000100000000)
  eden space 9728K, 0% used [0x00000000eab00000,0x00000000eab00000,0x00000000eb480000)
  from space 1024K, 59% used [0x00000000eb480000,0x00000000eb518020,0x00000000eb580000)
  to   space 1536K, 0% used [0x00000000eb680000,0x00000000eb680000,0x00000000eb800000)
 ParOldGen       total 185856K, used 172889K [0x00000000c0000000, 0x00000000cb580000, 0x00000000eab00000)
  object space 185856K, 93% used [0x00000000c0000000,0x00000000ca8d6770,0x00000000cb580000)
 Metaspace       used 89838K, committed 91264K, reserved 1179648K
  class space    used 8952K, committed 9600K, reserved 1048576K
}
Event: 2370.283 GC heap before
{Heap before GC invocations=637 (full 23):
 PSYoungGen      total 10752K, used 10336K [0x00000000eab00000, 0x00000000eb800000, 0x0000000100000000)
  eden space 9728K, 100% used [0x00000000eab00000,0x00000000eb480000,0x00000000eb480000)
  from space 1024K, 59% used [0x00000000eb480000,0x00000000eb518020,0x00000000eb580000)
  to   space 1536K, 0% used [0x00000000eb680000,0x00000000eb680000,0x00000000eb800000)
 ParOldGen       total 185856K, used 172889K [0x00000000c0000000, 0x00000000cb580000, 0x00000000eab00000)
  object space 185856K, 93% used [0x00000000c0000000,0x00000000ca8d6770,0x00000000cb580000)
 Metaspace       used 89838K, committed 91264K, reserved 1179648K
  class space    used 8952K, committed 9600K, reserved 1048576K
}
Event: 2370.285 GC heap after
{Heap after GC invocations=637 (full 23):
 PSYoungGen      total 10752K, used 656K [0x00000000eab00000, 0x00000000eb780000, 0x0000000100000000)
  eden space 9728K, 0% used [0x00000000eab00000,0x00000000eab00000,0x00000000eb480000)
  from space 1024K, 64% used [0x00000000eb680000,0x00000000eb724010,0x00000000eb780000)
  to   space 1024K, 0% used [0x00000000eb480000,0x00000000eb480000,0x00000000eb580000)
 ParOldGen       total 185856K, used 173409K [0x00000000c0000000, 0x00000000cb580000, 0x00000000eab00000)
  object space 185856K, 93% used [0x00000000c0000000,0x00000000ca9587b0,0x00000000cb580000)
 Metaspace       used 89838K, committed 91264K, reserved 1179648K
  class space    used 8952K, committed 9600K, reserved 1048576K
}
Event: 2370.585 GC heap before
{Heap before GC invocations=638 (full 23):
 PSYoungGen      total 10752K, used 10384K [0x00000000eab00000, 0x00000000eb780000, 0x0000000100000000)
  eden space 9728K, 100% used [0x00000000eab00000,0x00000000eb480000,0x00000000eb480000)
  from space 1024K, 64% used [0x00000000eb680000,0x00000000eb724010,0x00000000eb780000)
  to   space 1024K, 0% used [0x00000000eb480000,0x00000000eb480000,0x00000000eb580000)
 ParOldGen       total 185856K, used 173409K [0x00000000c0000000, 0x00000000cb580000, 0x00000000eab00000)
  object space 185856K, 93% used [0x00000000c0000000,0x00000000ca9587b0,0x00000000cb580000)
 Metaspace       used 89847K, committed 91264K, reserved 1179648K
  class space    used 8952K, committed 9600K, reserved 1048576K
}
Event: 2370.587 GC heap after
{Heap after GC invocations=638 (full 23):
 PSYoungGen      total 10752K, used 1001K [0x00000000eab00000, 0x00000000eb980000, 0x0000000100000000)
  eden space 9728K, 0% used [0x00000000eab00000,0x00000000eab00000,0x00000000eb480000)
  from space 1024K, 97% used [0x00000000eb480000,0x00000000eb57a420,0x00000000eb580000)
  to   space 2560K, 0% used [0x00000000eb700000,0x00000000eb700000,0x00000000eb980000)
 ParOldGen       total 185856K, used 174330K [0x00000000c0000000, 0x00000000cb580000, 0x00000000eab00000)
  object space 185856K, 93% used [0x00000000c0000000,0x00000000caa3e810,0x00000000cb580000)
 Metaspace       used 89847K, committed 91264K, reserved 1179648K
  class space    used 8952K, committed 9600K, reserved 1048576K
}
Event: 2370.604 GC heap before
{Heap before GC invocations=639 (full 23):
 PSYoungGen      total 10752K, used 10729K [0x00000000eab00000, 0x00000000eb980000, 0x0000000100000000)
  eden space 9728K, 100% used [0x00000000eab00000,0x00000000eb480000,0x00000000eb480000)
  from space 1024K, 97% used [0x00000000eb480000,0x00000000eb57a420,0x00000000eb580000)
  to   space 2560K, 0% used [0x00000000eb700000,0x00000000eb700000,0x00000000eb980000)
 ParOldGen       total 185856K, used 174330K [0x00000000c0000000, 0x00000000cb580000, 0x00000000eab00000)
  object space 185856K, 93% used [0x00000000c0000000,0x00000000caa3e810,0x00000000cb580000)
 Metaspace       used 89847K, committed 91264K, reserved 1179648K
  class space    used 8952K, committed 9600K, reserved 1048576K
}
Event: 2370.606 GC heap after
{Heap after GC invocations=639 (full 23):
 PSYoungGen      total 10752K, used 688K [0x00000000eab00000, 0x00000000eb800000, 0x0000000100000000)
  eden space 9728K, 0% used [0x00000000eab00000,0x00000000eab00000,0x00000000eb480000)
  from space 1024K, 67% used [0x00000000eb700000,0x00000000eb7ac030,0x00000000eb800000)
  to   space 1536K, 0% used [0x00000000eb500000,0x00000000eb500000,0x00000000eb680000)
 ParOldGen       total 185856K, used 175345K [0x00000000c0000000, 0x00000000cb580000, 0x00000000eab00000)
  object space 185856K, 94% used [0x00000000c0000000,0x00000000cab3c448,0x00000000cb580000)
 Metaspace       used 89847K, committed 91264K, reserved 1179648K
  class space    used 8952K, committed 9600K, reserved 1048576K
}
Event: 2370.623 GC heap before
{Heap before GC invocations=640 (full 23):
 PSYoungGen      total 10752K, used 10416K [0x00000000eab00000, 0x00000000eb800000, 0x0000000100000000)
  eden space 9728K, 100% used [0x00000000eab00000,0x00000000eb480000,0x00000000eb480000)
  from space 1024K, 67% used [0x00000000eb700000,0x00000000eb7ac030,0x00000000eb800000)
  to   space 1536K, 0% used [0x00000000eb500000,0x00000000eb500000,0x00000000eb680000)
 ParOldGen       total 185856K, used 175345K [0x00000000c0000000, 0x00000000cb580000, 0x00000000eab00000)
  object space 185856K, 94% used [0x00000000c0000000,0x00000000cab3c448,0x00000000cb580000)
 Metaspace       used 89847K, committed 91264K, reserved 1179648K
  class space    used 8952K, committed 9600K, reserved 1048576K
}
Event: 2370.624 GC heap after
{Heap after GC invocations=640 (full 23):
 PSYoungGen      total 11264K, used 736K [0x00000000eab00000, 0x00000000eb780000, 0x0000000100000000)
  eden space 9728K, 0% used [0x00000000eab00000,0x00000000eab00000,0x00000000eb480000)
  from space 1536K, 47% used [0x00000000eb500000,0x00000000eb5b8020,0x00000000eb680000)
  to   space 1024K, 0% used [0x00000000eb680000,0x00000000eb680000,0x00000000eb780000)
 ParOldGen       total 185856K, used 175965K [0x00000000c0000000, 0x00000000cb580000, 0x00000000eab00000)
  object space 185856K, 94% used [0x00000000c0000000,0x00000000cabd74b8,0x00000000cb580000)
 Metaspace       used 89847K, committed 91264K, reserved 1179648K
  class space    used 8952K, committed 9600K, reserved 1048576K
}
Event: 2375.206 GC heap before
{Heap before GC invocations=641 (full 23):
 PSYoungGen      total 11264K, used 10464K [0x00000000eab00000, 0x00000000eb780000, 0x0000000100000000)
  eden space 9728K, 100% used [0x00000000eab00000,0x00000000eb480000,0x00000000eb480000)
  from space 1536K, 47% used [0x00000000eb500000,0x00000000eb5b8020,0x00000000eb680000)
  to   space 1024K, 0% used [0x00000000eb680000,0x00000000eb680000,0x00000000eb780000)
 ParOldGen       total 185856K, used 175965K [0x00000000c0000000, 0x00000000cb580000, 0x00000000eab00000)
  object space 185856K, 94% used [0x00000000c0000000,0x00000000cabd74b8,0x00000000cb580000)
 Metaspace       used 89868K, committed 91264K, reserved 1179648K
  class space    used 8952K, committed 9600K, reserved 1048576K
}
Event: 2375.211 GC heap after
{Heap after GC invocations=641 (full 23):
 PSYoungGen      total 10752K, used 691K [0x00000000eab00000, 0x00000000eb780000, 0x0000000100000000)
  eden space 9728K, 0% used [0x00000000eab00000,0x00000000eab00000,0x00000000eb480000)
  from space 1024K, 67% used [0x00000000eb680000,0x00000000eb72cea8,0x00000000eb780000)
  to   space 1024K, 0% used [0x00000000eb580000,0x00000000eb580000,0x00000000eb680000)
 ParOldGen       total 185856K, used 176693K [0x00000000c0000000, 0x00000000cb580000, 0x00000000eab00000)
  object space 185856K, 95% used [0x00000000c0000000,0x00000000cac8d4e8,0x00000000cb580000)
 Metaspace       used 89868K, committed 91264K, reserved 1179648K
  class space    used 8952K, committed 9600K, reserved 1048576K
}
Event: 2391.079 GC heap before
{Heap before GC invocations=642 (full 23):
 PSYoungGen      total 10752K, used 10419K [0x00000000eab00000, 0x00000000eb780000, 0x0000000100000000)
  eden space 9728K, 100% used [0x00000000eab00000,0x00000000eb480000,0x00000000eb480000)
  from space 1024K, 67% used [0x00000000eb680000,0x00000000eb72cea8,0x00000000eb780000)
  to   space 1024K, 0% used [0x00000000eb580000,0x00000000eb580000,0x00000000eb680000)
 ParOldGen       total 185856K, used 176693K [0x00000000c0000000, 0x00000000cb580000, 0x00000000eab00000)
  object space 185856K, 95% used [0x00000000c0000000,0x00000000cac8d4e8,0x00000000cb580000)
 Metaspace       used 89870K, committed 91264K, reserved 1179648K
  class space    used 8952K, committed 9600K, reserved 1048576K
}
Event: 2391.080 GC heap after
{Heap after GC invocations=642 (full 23):
 PSYoungGen      total 10752K, used 279K [0x00000000eab00000, 0x00000000eb700000, 0x0000000100000000)
  eden space 9728K, 0% used [0x00000000eab00000,0x00000000eab00000,0x00000000eb480000)
  from space 1024K, 27% used [0x00000000eb580000,0x00000000eb5c5f70,0x00000000eb680000)
  to   space 512K, 0% used [0x00000000eb680000,0x00000000eb680000,0x00000000eb700000)
 ParOldGen       total 185856K, used 177332K [0x00000000c0000000, 0x00000000cb580000, 0x00000000eab00000)
  object space 185856K, 95% used [0x00000000c0000000,0x00000000cad2d290,0x00000000cb580000)
 Metaspace       used 89870K, committed 91264K, reserved 1179648K
  class space    used 8952K, committed 9600K, reserved 1048576K
}
Event: 2392.866 GC heap before
{Heap before GC invocations=643 (full 23):
 PSYoungGen      total 10752K, used 10007K [0x00000000eab00000, 0x00000000eb700000, 0x0000000100000000)
  eden space 9728K, 100% used [0x00000000eab00000,0x00000000eb480000,0x00000000eb480000)
  from space 1024K, 27% used [0x00000000eb580000,0x00000000eb5c5f70,0x00000000eb680000)
  to   space 512K, 0% used [0x00000000eb680000,0x00000000eb680000,0x00000000eb700000)
 ParOldGen       total 185856K, used 177332K [0x00000000c0000000, 0x00000000cb580000, 0x00000000eab00000)
  object space 185856K, 95% used [0x00000000c0000000,0x00000000cad2d290,0x00000000cb580000)
 Metaspace       used 89870K, committed 91264K, reserved 1179648K
  class space    used 8952K, committed 9600K, reserved 1048576K
}
Event: 2392.872 GC heap after
{Heap after GC invocations=643 (full 23):
 PSYoungGen      total 3072K, used 480K [0x00000000eab00000, 0x00000000ec680000, 0x0000000100000000)
  eden space 2560K, 0% used [0x00000000eab00000,0x00000000eab00000,0x00000000ead80000)
  from space 512K, 93% used [0x00000000eb680000,0x00000000eb6f8390,0x00000000eb700000)
  to   space 9216K, 0% used [0x00000000ead80000,0x00000000ead80000,0x00000000eb680000)
 ParOldGen       total 185856K, used 184458K [0x00000000c0000000, 0x00000000cb580000, 0x00000000eab00000)
  object space 185856K, 99% used [0x00000000c0000000,0x00000000cb422b00,0x00000000cb580000)
 Metaspace       used 89870K, committed 91264K, reserved 1179648K
  class space    used 8952K, committed 9600K, reserved 1048576K
}
Event: 2392.872 GC heap before
{Heap before GC invocations=644 (full 24):
 PSYoungGen      total 3072K, used 480K [0x00000000eab00000, 0x00000000ec680000, 0x0000000100000000)
  eden space 2560K, 0% used [0x00000000eab00000,0x00000000eab00000,0x00000000ead80000)
  from space 512K, 93% used [0x00000000eb680000,0x00000000eb6f8390,0x00000000eb700000)
  to   space 9216K, 0% used [0x00000000ead80000,0x00000000ead80000,0x00000000eb680000)
 ParOldGen       total 185856K, used 184458K [0x00000000c0000000, 0x00000000cb580000, 0x00000000eab00000)
  object space 185856K, 99% used [0x00000000c0000000,0x00000000cb422b00,0x00000000cb580000)
 Metaspace       used 89870K, committed 91264K, reserved 1179648K
  class space    used 8952K, committed 9600K, reserved 1048576K
}
Event: 2393.161 GC heap after
{Heap after GC invocations=644 (full 24):
 PSYoungGen      total 11776K, used 0K [0x00000000eab00000, 0x00000000ebf80000, 0x0000000100000000)
  eden space 2560K, 0% used [0x00000000eab00000,0x00000000eab00000,0x00000000ead80000)
  from space 9216K, 0% used [0x00000000ead80000,0x00000000ead80000,0x00000000eb680000)
  to   space 9216K, 0% used [0x00000000eb680000,0x00000000eb680000,0x00000000ebf80000)
 ParOldGen       total 181760K, used 133832K [0x00000000c0000000, 0x00000000cb180000, 0x00000000eab00000)
  object space 181760K, 73% used [0x00000000c0000000,0x00000000c82b21e0,0x00000000cb180000)
 Metaspace       used 89870K, committed 91264K, reserved 1179648K
  class space    used 8952K, committed 9600K, reserved 1048576K
}
Event: 2393.172 GC heap before
{Heap before GC invocations=645 (full 24):
 PSYoungGen      total 11776K, used 2559K [0x00000000eab00000, 0x00000000ebf80000, 0x0000000100000000)
  eden space 2560K, 99% used [0x00000000eab00000,0x00000000ead7ffe0,0x00000000ead80000)
  from space 9216K, 0% used [0x00000000ead80000,0x00000000ead80000,0x00000000eb680000)
  to   space 9216K, 0% used [0x00000000eb680000,0x00000000eb680000,0x00000000ebf80000)
 ParOldGen       total 181760K, used 133832K [0x00000000c0000000, 0x00000000cb180000, 0x00000000eab00000)
  object space 181760K, 73% used [0x00000000c0000000,0x00000000c82b21e0,0x00000000cb180000)
 Metaspace       used 89870K, committed 91264K, reserved 1179648K
  class space    used 8952K, committed 9600K, reserved 1048576K
}

