# JRE version: OpenJDK Runtime Environment OpenLogic-OpenJDK (11.0.21+9) (build 11.0.21+9-adhoc..jdk11u)
# Java VM: OpenJDK 64-Bit Server VM OpenLogic-OpenJDK (11.0.21+9-adhoc..jdk11u, mixed mode, tiered, compressed oops, g1 gc, windows-amd64)
Heap:
 garbage-first heap   total 168960K, used 68769K [0x0000000081400000, 0x0000000100000000)
  region size 1024K, 17 young (17408K), 2 survivors (2048K)
 Metaspace       used 35088K, capacity 35878K, committed 35964K, reserved 1081344K
  class space    used 3673K, capacity 3970K, committed 4044K, reserved 1048576K
GC Heap History (19 events):
Event: 0.765 GC heap before
{Heap before GC invocations=0 (full 0):
 garbage-first heap   total 131072K, used 14336K [0x0000000081400000, 0x0000000100000000)
  region size 1024K, 14 young (14336K), 0 survivors (0K)
 Metaspace       used 11312K, capacity 11505K, committed 11648K, reserved 1060864K
  class space    used 1050K, capacity 1135K, committed 1152K, reserved 1048576K
}
Event: 0.770 GC heap after
{Heap after GC invocations=1 (full 0):
 garbage-first heap   total 131072K, used 3200K [0x0000000081400000, 0x0000000100000000)
  region size 1024K, 2 young (2048K), 2 survivors (2048K)
 Metaspace       used 11312K, capacity 11505K, committed 11648K, reserved 1060864K
  class space    used 1050K, capacity 1135K, committed 1152K, reserved 1048576K
}
Event: 1.030 GC heap before
{Heap before GC invocations=1 (full 0):
 garbage-first heap   total 131072K, used 10368K [0x0000000081400000, 0x0000000100000000)
  region size 1024K, 9 young (9216K), 2 survivors (2048K)
 Metaspace       used 13394K, capacity 13662K, committed 13824K, reserved 1060864K
  class space    used 1341K, capacity 1450K, committed 1536K, reserved 1048576K
}
Event: 1.034 GC heap after
{Heap after GC invocations=2 (full 0):
 garbage-first heap   total 131072K, used 3881K [0x0000000081400000, 0x0000000100000000)
  region size 1024K, 1 young (1024K), 1 survivors (1024K)
 Metaspace       used 13394K, capacity 13662K, committed 13824K, reserved 1060864K
  class space    used 1341K, capacity 1450K, committed 1536K, reserved 1048576K
}
Event: 2.005 GC heap before
{Heap before GC invocations=2 (full 0):
 garbage-first heap   total 131072K, used 28457K [0x0000000081400000, 0x0000000100000000)
  region size 1024K, 26 young (26624K), 1 survivors (1024K)
 Metaspace       used 15293K, capacity 15481K, committed 15744K, reserved 1062912K
  class space    used 1568K, capacity 1647K, committed 1664K, reserved 1048576K
}
Event: 2.010 GC heap after
{Heap after GC invocations=3 (full 0):
 garbage-first heap   total 131072K, used 4665K [0x0000000081400000, 0x0000000100000000)
  region size 1024K, 2 young (2048K), 2 survivors (2048K)
 Metaspace       used 15293K, capacity 15481K, committed 15744K, reserved 1062912K
  class space    used 1568K, capacity 1647K, committed 1664K, reserved 1048576K
}
Event: 3.849 GC heap before
{Heap before GC invocations=3 (full 0):
 garbage-first heap   total 131072K, used 35385K [0x0000000081400000, 0x0000000100000000)
  region size 1024K, 33 young (33792K), 2 survivors (2048K)
 Metaspace       used 20867K, capacity 21214K, committed 21296K, reserved 1069056K
  class space    used 2285K, capacity 2425K, committed 2432K, reserved 1048576K
}
Event: 3.861 GC heap after
{Heap after GC invocations=4 (full 0):
 garbage-first heap   total 131072K, used 6652K [0x0000000081400000, 0x0000000100000000)
  region size 1024K, 4 young (4096K), 4 survivors (4096K)
 Metaspace       used 20867K, capacity 21214K, committed 21296K, reserved 1069056K
  class space    used 2285K, capacity 2425K, committed 2432K, reserved 1048576K
}
Event: 6.139 GC heap before
{Heap before GC invocations=5 (full 0):
 garbage-first heap   total 131072K, used 80380K [0x0000000081400000, 0x0000000100000000)
  region size 1024K, 76 young (77824K), 4 survivors (4096K)
 Metaspace       used 24514K, capacity 25076K, committed 25340K, reserved 1071104K
  class space    used 2594K, capacity 2773K, committed 2892K, reserved 1048576K
}
Event: 6.159 GC heap after
{Heap after GC invocations=6 (full 0):
 garbage-first heap   total 131072K, used 13448K [0x0000000081400000, 0x0000000100000000)
  region size 1024K, 10 young (10240K), 10 survivors (10240K)
 Metaspace       used 24514K, capacity 25076K, committed 25340K, reserved 1071104K
  class space    used 2594K, capacity 2773K, committed 2892K, reserved 1048576K
}
Event: 7.769 GC heap before
{Heap before GC invocations=6 (full 0):
 garbage-first heap   total 131072K, used 81032K [0x0000000081400000, 0x0000000100000000)
  region size 1024K, 76 young (77824K), 10 survivors (10240K)
 Metaspace       used 24984K, capacity 25595K, committed 25852K, reserved 1073152K
  class space    used 2595K, capacity 2773K, committed 2892K, reserved 1048576K
}
Event: 7.791 GC heap after
{Heap after GC invocations=7 (full 0):
 garbage-first heap   total 157696K, used 15727K [0x0000000081400000, 0x0000000100000000)
  region size 1024K, 3 young (3072K), 3 survivors (3072K)
 Metaspace       used 24984K, capacity 25595K, committed 25852K, reserved 1073152K
  class space    used 2595K, capacity 2773K, committed 2892K, reserved 1048576K
}
Event: 9.632 GC heap before
{Heap before GC invocations=7 (full 0):
 garbage-first heap   total 157696K, used 99695K [0x0000000081400000, 0x0000000100000000)
  region size 1024K, 85 young (87040K), 3 survivors (3072K)
 Metaspace       used 25281K, capacity 25857K, committed 26108K, reserved 1073152K
  class space    used 2596K, capacity 2774K, committed 2892K, reserved 1048576K
}
Event: 9.641 GC heap after
{Heap after GC invocations=8 (full 0):
 garbage-first heap   total 157696K, used 19523K [0x0000000081400000, 0x0000000100000000)
  region size 1024K, 7 young (7168K), 7 survivors (7168K)
 Metaspace       used 25281K, capacity 25857K, committed 26108K, reserved 1073152K
  class space    used 2596K, capacity 2774K, committed 2892K, reserved 1048576K
}
Event: 13.485 GC heap before
{Heap before GC invocations=8 (full 0):
 garbage-first heap   total 157696K, used 156739K [0x0000000081400000, 0x0000000100000000)
  region size 1024K, 92 young (94208K), 7 survivors (7168K)
 Metaspace       used 28632K, capacity 29337K, committed 29564K, reserved 1075200K
  class space    used 2961K, capacity 3216K, committed 3276K, reserved 1048576K
}
Event: 13.501 GC heap after
{Heap after GC invocations=9 (full 0):
 garbage-first heap   total 168960K, used 24431K [0x0000000081400000, 0x0000000100000000)
  region size 1024K, 11 young (11264K), 11 survivors (11264K)
 Metaspace       used 28632K, capacity 29337K, committed 29564K, reserved 1075200K
  class space    used 2961K, capacity 3216K, committed 3276K, reserved 1048576K
}
Event: 16.649 GC heap before
{Heap before GC invocations=9 (full 0):
 garbage-first heap   total 168960K, used 116591K [0x0000000081400000, 0x0000000100000000)
  region size 1024K, 99 young (101376K), 11 survivors (11264K)
 Metaspace       used 34858K, capacity 35643K, committed 35964K, reserved 1081344K
  class space    used 3653K, capacity 3956K, committed 4044K, reserved 1048576K
}
Event: 16.684 GC heap after
{Heap after GC invocations=10 (full 0):
 garbage-first heap   total 168960K, used 53919K [0x0000000081400000, 0x0000000100000000)
  region size 1024K, 13 young (13312K), 13 survivors (13312K)
 Metaspace       used 34858K, capacity 35643K, committed 35964K, reserved 1081344K
  class space    used 3653K, capacity 3956K, committed 4044K, reserved 1048576K
}
Event: 17.754 GC heap before
{Heap before GC invocations=10 (full 0):
 garbage-first heap   total 168960K, used 68255K [0x0000000081400000, 0x0000000100000000)
  region size 1024K, 28 young (28672K), 13 survivors (13312K)
 Metaspace       used 35088K, capacity 35878K, committed 35964K, reserved 1081344K
  class space    used 3673K, capacity 3970K, committed 4044K, reserved 1048576K
}

