# JRE version: OpenJDK Runtime Environment Temurin-17.0.12+7 (17.0.12+7) (build 17.0.12+7)
# Java VM: OpenJDK 64-Bit Server VM Temurin-17.0.12+7 (17.0.12+7, mixed mode, tiered, compressed oops, compressed class ptrs, parallel gc, windows-amd64)
GC Precious Log:
 CPUs: 4 total, 4 available
 Memory: 8105M
 Large Page Support: Disabled
 NUMA Support: Disabled
 Compressed Oops: Enabled (32-bit)
 Alignments: Space 512K, Generation 512K, Heap 2M
 Heap Min Capacity: 100M
 Heap Initial Capacity: 100M
 Heap Max Capacity: 1G
 Pre-touch: Disabled
 Parallel Workers: 4
Heap:
 PSYoungGen      total 9216K, used 539K [0x00000000eab00000, 0x00000000ebf80000, 0x0000000100000000)
  eden space 8192K, 0% used [0x00000000eab00000,0x00000000eab00000,0x00000000eb300000)
  from space 1024K, 52% used [0x00000000eb380000,0x00000000eb406c78,0x00000000eb480000)
  to   space 4096K, 0% used [0x00000000ebb80000,0x00000000ebb80000,0x00000000ebf80000)
 ParOldGen       total 114176K, used 107279K [0x00000000c0000000, 0x00000000c6f80000, 0x00000000eab00000)
  object space 114176K, 93% used [0x00000000c0000000,0x00000000c68c3c30,0x00000000c6f80000)
 Metaspace       used 72938K, committed 74304K, reserved 1179648K
  class space    used 7492K, committed 8128K, reserved 1048576K
GC Heap History (20 events):
Event: 31.820 GC heap after
{Heap after GC invocations=251 (full 7):
 PSYoungGen      total 17920K, used 0K [0x00000000eab00000, 0x00000000ec280000, 0x0000000100000000)
  eden space 11776K, 0% used [0x00000000eab00000,0x00000000eab00000,0x00000000eb680000)
  from space 6144K, 0% used [0x00000000ebc80000,0x00000000ebc80000,0x00000000ec280000)
  to   space 6144K, 0% used [0x00000000eb680000,0x00000000eb680000,0x00000000ebc80000)
 ParOldGen       total 114176K, used 87061K [0x00000000c0000000, 0x00000000c6f80000, 0x00000000eab00000)
  object space 114176K, 76% used [0x00000000c0000000,0x00000000c5505538,0x00000000c6f80000)
 Metaspace       used 71125K, committed 72384K, reserved 1114112K
  class space    used 7342K, committed 7872K, reserved 1048576K
}
Event: 31.982 GC heap before
{Heap before GC invocations=252 (full 7):
 PSYoungGen      total 17920K, used 11776K [0x00000000eab00000, 0x00000000ec280000, 0x0000000100000000)
  eden space 11776K, 100% used [0x00000000eab00000,0x00000000eb680000,0x00000000eb680000)
  from space 6144K, 0% used [0x00000000ebc80000,0x00000000ebc80000,0x00000000ec280000)
  to   space 6144K, 0% used [0x00000000eb680000,0x00000000eb680000,0x00000000ebc80000)
 ParOldGen       total 114176K, used 87061K [0x00000000c0000000, 0x00000000c6f80000, 0x00000000eab00000)
  object space 114176K, 76% used [0x00000000c0000000,0x00000000c5505538,0x00000000c6f80000)
 Metaspace       used 71583K, committed 72832K, reserved 1114112K
  class space    used 7382K, committed 7936K, reserved 1048576K
}
Event: 31.986 GC heap after
{Heap after GC invocations=252 (full 7):
 PSYoungGen      total 13312K, used 1497K [0x00000000eab00000, 0x00000000ebd00000, 0x0000000100000000)
  eden space 11776K, 0% used [0x00000000eab00000,0x00000000eab00000,0x00000000eb680000)
  from space 1536K, 97% used [0x00000000eb680000,0x00000000eb7f64c0,0x00000000eb800000)
  to   space 3072K, 0% used [0x00000000eba00000,0x00000000eba00000,0x00000000ebd00000)
 ParOldGen       total 114176K, used 87061K [0x00000000c0000000, 0x00000000c6f80000, 0x00000000eab00000)
  object space 114176K, 76% used [0x00000000c0000000,0x00000000c5505538,0x00000000c6f80000)
 Metaspace       used 71583K, committed 72832K, reserved 1114112K
  class space    used 7382K, committed 7936K, reserved 1048576K
}
Event: 32.263 GC heap before
{Heap before GC invocations=253 (full 7):
 PSYoungGen      total 13312K, used 13273K [0x00000000eab00000, 0x00000000ebd00000, 0x0000000100000000)
  eden space 11776K, 100% used [0x00000000eab00000,0x00000000eb680000,0x00000000eb680000)
  from space 1536K, 97% used [0x00000000eb680000,0x00000000eb7f64c0,0x00000000eb800000)
  to   space 3072K, 0% used [0x00000000eba00000,0x00000000eba00000,0x00000000ebd00000)
 ParOldGen       total 114176K, used 87061K [0x00000000c0000000, 0x00000000c6f80000, 0x00000000eab00000)
  object space 114176K, 76% used [0x00000000c0000000,0x00000000c5505538,0x00000000c6f80000)
 Metaspace       used 72096K, committed 73280K, reserved 1114112K
  class space    used 7424K, committed 7936K, reserved 1048576K
}
Event: 32.269 GC heap after
{Heap after GC invocations=253 (full 7):
 PSYoungGen      total 13824K, used 2032K [0x00000000eab00000, 0x00000000ebc00000, 0x0000000100000000)
  eden space 11776K, 0% used [0x00000000eab00000,0x00000000eab00000,0x00000000eb680000)
  from space 2048K, 99% used [0x00000000eba00000,0x00000000ebbfc380,0x00000000ebc00000)
  to   space 2560K, 0% used [0x00000000eb700000,0x00000000eb700000,0x00000000eb980000)
 ParOldGen       total 114176K, used 87069K [0x00000000c0000000, 0x00000000c6f80000, 0x00000000eab00000)
  object space 114176K, 76% used [0x00000000c0000000,0x00000000c5507538,0x00000000c6f80000)
 Metaspace       used 72096K, committed 73280K, reserved 1114112K
  class space    used 7424K, committed 7936K, reserved 1048576K
}
Event: 32.416 GC heap before
{Heap before GC invocations=254 (full 7):
 PSYoungGen      total 13824K, used 13808K [0x00000000eab00000, 0x00000000ebc00000, 0x0000000100000000)
  eden space 11776K, 100% used [0x00000000eab00000,0x00000000eb680000,0x00000000eb680000)
  from space 2048K, 99% used [0x00000000eba00000,0x00000000ebbfc380,0x00000000ebc00000)
  to   space 2560K, 0% used [0x00000000eb700000,0x00000000eb700000,0x00000000eb980000)
 ParOldGen       total 114176K, used 87069K [0x00000000c0000000, 0x00000000c6f80000, 0x00000000eab00000)
  object space 114176K, 76% used [0x00000000c0000000,0x00000000c5507538,0x00000000c6f80000)
 Metaspace       used 72448K, committed 73728K, reserved 1179648K
  class space    used 7456K, committed 8000K, reserved 1048576K
}
Event: 32.420 GC heap after
{Heap after GC invocations=254 (full 7):
 PSYoungGen      total 14336K, used 2537K [0x00000000eab00000, 0x00000000ebd80000, 0x0000000100000000)
  eden space 11776K, 0% used [0x00000000eab00000,0x00000000eab00000,0x00000000eb680000)
  from space 2560K, 99% used [0x00000000eb700000,0x00000000eb97a770,0x00000000eb980000)
  to   space 3584K, 0% used [0x00000000eba00000,0x00000000eba00000,0x00000000ebd80000)
 ParOldGen       total 114176K, used 87477K [0x00000000c0000000, 0x00000000c6f80000, 0x00000000eab00000)
  object space 114176K, 76% used [0x00000000c0000000,0x00000000c556d558,0x00000000c6f80000)
 Metaspace       used 72448K, committed 73728K, reserved 1179648K
  class space    used 7456K, committed 8000K, reserved 1048576K
}
Event: 32.496 GC heap before
{Heap before GC invocations=255 (full 7):
 PSYoungGen      total 14336K, used 14313K [0x00000000eab00000, 0x00000000ebd80000, 0x0000000100000000)
  eden space 11776K, 100% used [0x00000000eab00000,0x00000000eb680000,0x00000000eb680000)
  from space 2560K, 99% used [0x00000000eb700000,0x00000000eb97a770,0x00000000eb980000)
  to   space 3584K, 0% used [0x00000000eba00000,0x00000000eba00000,0x00000000ebd80000)
 ParOldGen       total 114176K, used 87477K [0x00000000c0000000, 0x00000000c6f80000, 0x00000000eab00000)
  object space 114176K, 76% used [0x00000000c0000000,0x00000000c556d558,0x00000000c6f80000)
 Metaspace       used 72469K, committed 73792K, reserved 1179648K
  class space    used 7457K, committed 8000K, reserved 1048576K
}
Event: 32.502 GC heap after
{Heap after GC invocations=255 (full 7):
 PSYoungGen      total 15360K, used 3197K [0x00000000eab00000, 0x00000000ebd80000, 0x0000000100000000)
  eden space 11776K, 0% used [0x00000000eab00000,0x00000000eab00000,0x00000000eb680000)
  from space 3584K, 89% used [0x00000000eba00000,0x00000000ebd1f658,0x00000000ebd80000)
  to   space 3584K, 0% used [0x00000000eb680000,0x00000000eb680000,0x00000000eba00000)
 ParOldGen       total 114176K, used 87477K [0x00000000c0000000, 0x00000000c6f80000, 0x00000000eab00000)
  object space 114176K, 76% used [0x00000000c0000000,0x00000000c556d558,0x00000000c6f80000)
 Metaspace       used 72469K, committed 73792K, reserved 1179648K
  class space    used 7457K, committed 8000K, reserved 1048576K
}
Event: 32.851 GC heap before
{Heap before GC invocations=256 (full 7):
 PSYoungGen      total 15360K, used 14973K [0x00000000eab00000, 0x00000000ebd80000, 0x0000000100000000)
  eden space 11776K, 100% used [0x00000000eab00000,0x00000000eb680000,0x00000000eb680000)
  from space 3584K, 89% used [0x00000000eba00000,0x00000000ebd1f658,0x00000000ebd80000)
  to   space 3584K, 0% used [0x00000000eb680000,0x00000000eb680000,0x00000000eba00000)
 ParOldGen       total 114176K, used 87477K [0x00000000c0000000, 0x00000000c6f80000, 0x00000000eab00000)
  object space 114176K, 76% used [0x00000000c0000000,0x00000000c556d558,0x00000000c6f80000)
 Metaspace       used 72641K, committed 73920K, reserved 1179648K
  class space    used 7457K, committed 8000K, reserved 1048576K
}
Event: 32.860 GC heap after
{Heap after GC invocations=256 (full 7):
 PSYoungGen      total 15360K, used 3561K [0x00000000eab00000, 0x00000000ec080000, 0x0000000100000000)
  eden space 11776K, 0% used [0x00000000eab00000,0x00000000eab00000,0x00000000eb680000)
  from space 3584K, 99% used [0x00000000eb680000,0x00000000eb9fa540,0x00000000eba00000)
  to   space 5120K, 0% used [0x00000000ebb80000,0x00000000ebb80000,0x00000000ec080000)
 ParOldGen       total 114176K, used 88386K [0x00000000c0000000, 0x00000000c6f80000, 0x00000000eab00000)
  object space 114176K, 77% used [0x00000000c0000000,0x00000000c5650868,0x00000000c6f80000)
 Metaspace       used 72641K, committed 73920K, reserved 1179648K
  class space    used 7457K, committed 8000K, reserved 1048576K
}
Event: 33.149 GC heap before
{Heap before GC invocations=257 (full 7):
 PSYoungGen      total 15360K, used 15337K [0x00000000eab00000, 0x00000000ec080000, 0x0000000100000000)
  eden space 11776K, 100% used [0x00000000eab00000,0x00000000eb680000,0x00000000eb680000)
  from space 3584K, 99% used [0x00000000eb680000,0x00000000eb9fa540,0x00000000eba00000)
  to   space 5120K, 0% used [0x00000000ebb80000,0x00000000ebb80000,0x00000000ec080000)
 ParOldGen       total 114176K, used 88386K [0x00000000c0000000, 0x00000000c6f80000, 0x00000000eab00000)
  object space 114176K, 77% used [0x00000000c0000000,0x00000000c5650868,0x00000000c6f80000)
 Metaspace       used 72875K, committed 74240K, reserved 1179648K
  class space    used 7482K, committed 8064K, reserved 1048576K
}
Event: 33.157 GC heap after
{Heap after GC invocations=257 (full 7):
 PSYoungGen      total 13312K, used 5098K [0x00000000eab00000, 0x00000000ec780000, 0x0000000100000000)
  eden space 8192K, 0% used [0x00000000eab00000,0x00000000eab00000,0x00000000eb300000)
  from space 5120K, 99% used [0x00000000ebb80000,0x00000000ec07a968,0x00000000ec080000)
  to   space 8704K, 0% used [0x00000000eb300000,0x00000000eb300000,0x00000000ebb80000)
 ParOldGen       total 114176K, used 91289K [0x00000000c0000000, 0x00000000c6f80000, 0x00000000eab00000)
  object space 114176K, 79% used [0x00000000c0000000,0x00000000c5926638,0x00000000c6f80000)
 Metaspace       used 72875K, committed 74240K, reserved 1179648K
  class space    used 7482K, committed 8064K, reserved 1048576K
}
Event: 33.384 GC heap before
{Heap before GC invocations=258 (full 7):
 PSYoungGen      total 13312K, used 13290K [0x00000000eab00000, 0x00000000ec780000, 0x0000000100000000)
  eden space 8192K, 100% used [0x00000000eab00000,0x00000000eb300000,0x00000000eb300000)
  from space 5120K, 99% used [0x00000000ebb80000,0x00000000ec07a968,0x00000000ec080000)
  to   space 8704K, 0% used [0x00000000eb300000,0x00000000eb300000,0x00000000ebb80000)
 ParOldGen       total 114176K, used 91289K [0x00000000c0000000, 0x00000000c6f80000, 0x00000000eab00000)
  object space 114176K, 79% used [0x00000000c0000000,0x00000000c5926638,0x00000000c6f80000)
 Metaspace       used 72902K, committed 74240K, reserved 1179648K
  class space    used 7487K, committed 8064K, reserved 1048576K
}
Event: 33.395 GC heap after
{Heap after GC invocations=258 (full 7):
 PSYoungGen      total 16896K, used 8676K [0x00000000eab00000, 0x00000000ecb00000, 0x0000000100000000)
  eden space 8192K, 0% used [0x00000000eab00000,0x00000000eab00000,0x00000000eb300000)
  from space 8704K, 99% used [0x00000000eb300000,0x00000000ebb793f8,0x00000000ebb80000)
  to   space 12288K, 0% used [0x00000000ebf00000,0x00000000ebf00000,0x00000000ecb00000)
 ParOldGen       total 114176K, used 93850K [0x00000000c0000000, 0x00000000c6f80000, 0x00000000eab00000)
  object space 114176K, 82% used [0x00000000c0000000,0x00000000c5ba6960,0x00000000c6f80000)
 Metaspace       used 72902K, committed 74240K, reserved 1179648K
  class space    used 7487K, committed 8064K, reserved 1048576K
}
Event: 33.443 GC heap before
{Heap before GC invocations=259 (full 7):
 PSYoungGen      total 16896K, used 14396K [0x00000000eab00000, 0x00000000ecb00000, 0x0000000100000000)
  eden space 8192K, 69% used [0x00000000eab00000,0x00000000eb095cc8,0x00000000eb300000)
  from space 8704K, 99% used [0x00000000eb300000,0x00000000ebb793f8,0x00000000ebb80000)
  to   space 12288K, 0% used [0x00000000ebf00000,0x00000000ebf00000,0x00000000ecb00000)
 ParOldGen       total 114176K, used 93850K [0x00000000c0000000, 0x00000000c6f80000, 0x00000000eab00000)
  object space 114176K, 82% used [0x00000000c0000000,0x00000000c5ba6960,0x00000000c6f80000)
 Metaspace       used 72910K, committed 74240K, reserved 1179648K
  class space    used 7487K, committed 8064K, reserved 1048576K
}
Event: 33.455 GC heap after
{Heap after GC invocations=259 (full 7):
 PSYoungGen      total 17920K, used 9728K [0x00000000eab00000, 0x00000000ec880000, 0x0000000100000000)
  eden space 8192K, 0% used [0x00000000eab00000,0x00000000eab00000,0x00000000eb300000)
  from space 9728K, 100% used [0x00000000ebf00000,0x00000000ec880000,0x00000000ec880000)
  to   space 10752K, 0% used [0x00000000eb380000,0x00000000eb380000,0x00000000ebe00000)
 ParOldGen       total 114176K, used 97527K [0x00000000c0000000, 0x00000000c6f80000, 0x00000000eab00000)
  object space 114176K, 85% used [0x00000000c0000000,0x00000000c5f3dc30,0x00000000c6f80000)
 Metaspace       used 72910K, committed 74240K, reserved 1179648K
  class space    used 7487K, committed 8064K, reserved 1048576K
}
Event: 33.835 GC heap before
{Heap before GC invocations=260 (full 7):
 PSYoungGen      total 17920K, used 17920K [0x00000000eab00000, 0x00000000ec880000, 0x0000000100000000)
  eden space 8192K, 100% used [0x00000000eab00000,0x00000000eb300000,0x00000000eb300000)
  from space 9728K, 100% used [0x00000000ebf00000,0x00000000ec880000,0x00000000ec880000)
  to   space 10752K, 0% used [0x00000000eb380000,0x00000000eb380000,0x00000000ebe00000)
 ParOldGen       total 114176K, used 97527K [0x00000000c0000000, 0x00000000c6f80000, 0x00000000eab00000)
  object space 114176K, 85% used [0x00000000c0000000,0x00000000c5f3dc30,0x00000000c6f80000)
 Metaspace       used 72938K, committed 74304K, reserved 1179648K
  class space    used 7492K, committed 8128K, reserved 1048576K
}
Event: 33.848 GC heap after
{Heap after GC invocations=260 (full 7):
 PSYoungGen      total 9216K, used 539K [0x00000000eab00000, 0x00000000ebf80000, 0x0000000100000000)
  eden space 8192K, 0% used [0x00000000eab00000,0x00000000eab00000,0x00000000eb300000)
  from space 1024K, 52% used [0x00000000eb380000,0x00000000eb406c78,0x00000000eb480000)
  to   space 4096K, 0% used [0x00000000ebb80000,0x00000000ebb80000,0x00000000ebf80000)
 ParOldGen       total 114176K, used 107279K [0x00000000c0000000, 0x00000000c6f80000, 0x00000000eab00000)
  object space 114176K, 93% used [0x00000000c0000000,0x00000000c68c3c30,0x00000000c6f80000)
 Metaspace       used 72938K, committed 74304K, reserved 1179648K
  class space    used 7492K, committed 8128K, reserved 1048576K
}
Event: 33.848 GC heap before
{Heap before GC invocations=261 (full 8):
 PSYoungGen      total 9216K, used 539K [0x00000000eab00000, 0x00000000ebf80000, 0x0000000100000000)
  eden space 8192K, 0% used [0x00000000eab00000,0x00000000eab00000,0x00000000eb300000)
  from space 1024K, 52% used [0x00000000eb380000,0x00000000eb406c78,0x00000000eb480000)
  to   space 4096K, 0% used [0x00000000ebb80000,0x00000000ebb80000,0x00000000ebf80000)
 ParOldGen       total 114176K, used 107279K [0x00000000c0000000, 0x00000000c6f80000, 0x00000000eab00000)
  object space 114176K, 93% used [0x00000000c0000000,0x00000000c68c3c30,0x00000000c6f80000)
 Metaspace       used 72938K, committed 74304K, reserved 1179648K
  class space    used 7492K, committed 8128K, reserved 1048576K
}

