# JRE version: OpenJDK Runtime Environment OpenLogic-OpenJDK (11.0.21+9) (build 11.0.21+9-adhoc..jdk11u)
# Java VM: OpenJDK 64-Bit Server VM OpenLogic-OpenJDK (11.0.21+9-adhoc..jdk11u, mixed mode, tiered, compressed oops, g1 gc, windows-amd64)
Heap:
 garbage-first heap   total 189440K, used 139982K [0x0000000081400000, 0x0000000100000000)
  region size 1024K, 100 young (102400K), 3 survivors (3072K)
 Metaspace       used 70205K, capacity 72439K, committed 72492K, reserved 1112064K
  class space    used 9007K, capacity 9836K, committed 9856K, reserved 1048576K
GC Heap History (20 events):
Event: 1.085 GC heap after
{Heap after GC invocations=2 (full 0):
 garbage-first heap   total 131072K, used 9122K [0x0000000081400000, 0x0000000100000000)
  region size 1024K, 1 young (1024K), 1 survivors (1024K)
 Metaspace       used 10291K, capacity 10538K, committed 10624K, reserved 1058816K
  class space    used 996K, capacity 1070K, committed 1152K, reserved 1048576K
}
Event: 1.768 GC heap before
{Heap before GC invocations=2 (full 0):
 garbage-first heap   total 131072K, used 33698K [0x0000000081400000, 0x0000000100000000)
  region size 1024K, 25 young (25600K), 1 survivors (1024K)
 Metaspace       used 15235K, capacity 15644K, committed 15744K, reserved 1062912K
  class space    used 1695K, capacity 1853K, committed 1920K, reserved 1048576K
}
Event: 1.775 GC heap after
{Heap after GC invocations=3 (full 0):
 garbage-first heap   total 131072K, used 10405K [0x0000000081400000, 0x0000000100000000)
  region size 1024K, 2 young (2048K), 2 survivors (2048K)
 Metaspace       used 15235K, capacity 15644K, committed 15744K, reserved 1062912K
  class space    used 1695K, capacity 1853K, committed 1920K, reserved 1048576K
}
Event: 2.250 GC heap before
{Heap before GC invocations=3 (full 0):
 garbage-first heap   total 131072K, used 42149K [0x0000000081400000, 0x0000000100000000)
  region size 1024K, 34 young (34816K), 2 survivors (2048K)
 Metaspace       used 20439K, capacity 21038K, committed 21248K, reserved 1069056K
  class space    used 2328K, capacity 2530K, committed 2560K, reserved 1048576K
}
Event: 2.258 GC heap after
{Heap after GC invocations=4 (full 0):
 garbage-first heap   total 131072K, used 11547K [0x0000000081400000, 0x0000000100000000)
  region size 1024K, 3 young (3072K), 3 survivors (3072K)
 Metaspace       used 20439K, capacity 21038K, committed 21248K, reserved 1069056K
  class space    used 2328K, capacity 2530K, committed 2560K, reserved 1048576K
}
Event: 3.640 GC heap before
{Heap before GC invocations=5 (full 0):
 garbage-first heap   total 131072K, used 60699K [0x0000000081400000, 0x0000000100000000)
  region size 1024K, 51 young (52224K), 3 survivors (3072K)
 Metaspace       used 23113K, capacity 23862K, committed 24064K, reserved 1071104K
  class space    used 2723K, capacity 3026K, committed 3072K, reserved 1048576K
}
Event: 3.651 GC heap after
{Heap after GC invocations=6 (full 0):
 garbage-first heap   total 157696K, used 13771K [0x0000000081400000, 0x0000000100000000)
  region size 1024K, 6 young (6144K), 6 survivors (6144K)
 Metaspace       used 23113K, capacity 23862K, committed 24064K, reserved 1071104K
  class space    used 2723K, capacity 3026K, committed 3072K, reserved 1048576K
}
Event: 5.910 GC heap before
{Heap before GC invocations=6 (full 0):
 garbage-first heap   total 157696K, used 80331K [0x0000000081400000, 0x0000000100000000)
  region size 1024K, 71 young (72704K), 6 survivors (6144K)
 Metaspace       used 30567K, capacity 31660K, committed 31872K, reserved 1077248K
  class space    used 3787K, capacity 4208K, committed 4224K, reserved 1048576K
}
Event: 5.924 GC heap after
{Heap after GC invocations=7 (full 0):
 garbage-first heap   total 157696K, used 17392K [0x0000000081400000, 0x0000000100000000)
  region size 1024K, 9 young (9216K), 9 survivors (9216K)
 Metaspace       used 30567K, capacity 31660K, committed 31872K, reserved 1077248K
  class space    used 3787K, capacity 4208K, committed 4224K, reserved 1048576K
}
Event: 6.855 GC heap before
{Heap before GC invocations=7 (full 0):
 garbage-first heap   total 157696K, used 63472K [0x0000000081400000, 0x0000000100000000)
  region size 1024K, 51 young (52224K), 9 survivors (9216K)
 Metaspace       used 34373K, capacity 35528K, committed 35628K, reserved 1081344K
  class space    used 4249K, capacity 4730K, committed 4736K, reserved 1048576K
}
Event: 6.878 GC heap after
{Heap after GC invocations=8 (full 0):
 garbage-first heap   total 157696K, used 19487K [0x0000000081400000, 0x0000000100000000)
  region size 1024K, 8 young (8192K), 8 survivors (8192K)
 Metaspace       used 34373K, capacity 35528K, committed 35628K, reserved 1081344K
  class space    used 4249K, capacity 4730K, committed 4736K, reserved 1048576K
}
Event: 9.484 GC heap before
{Heap before GC invocations=9 (full 0):
 garbage-first heap   total 157696K, used 105503K [0x0000000081400000, 0x0000000100000000)
  region size 1024K, 92 young (94208K), 8 survivors (8192K)
 Metaspace       used 47627K, capacity 48912K, committed 49068K, reserved 1091584K
  class space    used 6092K, capacity 6596K, committed 6656K, reserved 1048576K
}
Event: 9.507 GC heap after
{Heap after GC invocations=10 (full 0):
 garbage-first heap   total 157696K, used 23345K [0x0000000081400000, 0x0000000100000000)
  region size 1024K, 10 young (10240K), 10 survivors (10240K)
 Metaspace       used 47627K, capacity 48912K, committed 49068K, reserved 1091584K
  class space    used 6092K, capacity 6596K, committed 6656K, reserved 1048576K
}
Event: 11.283 GC heap before
{Heap before GC invocations=11 (full 0):
 garbage-first heap   total 157696K, used 107313K [0x0000000081400000, 0x0000000100000000)
  region size 1024K, 92 young (94208K), 10 survivors (10240K)
 Metaspace       used 54680K, capacity 56216K, committed 56492K, reserved 1097728K
  class space    used 7011K, capacity 7640K, committed 7680K, reserved 1048576K
}
Event: 11.303 GC heap after
{Heap after GC invocations=12 (full 0):
 garbage-first heap   total 189440K, used 27264K [0x0000000081400000, 0x0000000100000000)
  region size 1024K, 10 young (10240K), 10 survivors (10240K)
 Metaspace       used 54680K, capacity 56216K, committed 56492K, reserved 1097728K
  class space    used 7011K, capacity 7640K, committed 7680K, reserved 1048576K
}
Event: 12.794 GC heap before
{Heap before GC invocations=12 (full 0):
 garbage-first heap   total 189440K, used 130688K [0x0000000081400000, 0x0000000100000000)
  region size 1024K, 111 young (113664K), 10 survivors (10240K)
 Metaspace       used 57422K, capacity 59168K, committed 59436K, reserved 1101824K
  class space    used 7351K, capacity 8012K, committed 8064K, reserved 1048576K
}
Event: 12.811 GC heap after
{Heap after GC invocations=13 (full 0):
 garbage-first heap   total 189440K, used 31040K [0x0000000081400000, 0x0000000100000000)
  region size 1024K, 9 young (9216K), 9 survivors (9216K)
 Metaspace       used 57422K, capacity 59168K, committed 59436K, reserved 1101824K
  class space    used 7351K, capacity 8012K, committed 8064K, reserved 1048576K
}
Event: 37.890 GC heap before
{Heap before GC invocations=13 (full 0):
 garbage-first heap   total 189440K, used 142656K [0x0000000081400000, 0x0000000100000000)
  region size 1024K, 111 young (113664K), 9 survivors (9216K)
 Metaspace       used 69312K, capacity 71287K, committed 71596K, reserved 1112064K
  class space    used 8873K, capacity 9653K, committed 9728K, reserved 1048576K
}
Event: 37.920 GC heap after
{Heap after GC invocations=14 (full 0):
 garbage-first heap   total 189440K, used 40654K [0x0000000081400000, 0x0000000100000000)
  region size 1024K, 14 young (14336K), 14 survivors (14336K)
 Metaspace       used 69312K, capacity 71287K, committed 71596K, reserved 1112064K
  class space    used 8873K, capacity 9653K, committed 9728K, reserved 1048576K
}
Event: 1093.239 GC heap before
{Heap before GC invocations=14 (full 0):
 garbage-first heap   total 189440K, used 139982K [0x0000000081400000, 0x0000000100000000)
  region size 1024K, 111 young (113664K), 14 survivors (14336K)
 Metaspace       used 70205K, capacity 72439K, committed 72492K, reserved 1112064K
  class space    used 9007K, capacity 9836K, committed 9856K, reserved 1048576K
}

