# JRE version: OpenJDK Runtime Environment OpenLogic-OpenJDK (11.0.21+9) (build 11.0.21+9-adhoc..jdk11u)
# Java VM: OpenJDK 64-Bit Server VM OpenLogic-OpenJDK (11.0.21+9-adhoc..jdk11u, mixed mode, tiered, compressed oops, g1 gc, windows-amd64)
Heap:
 garbage-first heap   total 195584K, used 151398K [0x0000000081400000, 0x0000000100000000)
  region size 1024K, 87 young (89088K), 13 survivors (13312K)
 Metaspace       used 42915K, capacity 44142K, committed 44368K, reserved 1089536K
  class space    used 4366K, capacity 4747K, committed 4864K, reserved 1048576K
GC Heap History (20 events):
Event: 11.136 GC heap before
{Heap before GC invocations=9 (full 0):
 garbage-first heap   total 162816K, used 113449K [0x0000000081400000, 0x0000000100000000)
  region size 1024K, 94 young (96256K), 11 survivors (11264K)
 Metaspace       used 35757K, capacity 36684K, committed 36944K, reserved 1083392K
  class space    used 3733K, capacity 4056K, committed 4096K, reserved 1048576K
}
Event: 11.163 GC heap after
{Heap after GC invocations=10 (full 0):
 garbage-first heap   total 162816K, used 48505K [0x0000000081400000, 0x0000000100000000)
  region size 1024K, 12 young (12288K), 12 survivors (12288K)
 Metaspace       used 35757K, capacity 36684K, committed 36944K, reserved 1083392K
  class space    used 3733K, capacity 4056K, committed 4096K, reserved 1048576K
}
Event: 12.335 GC heap before
{Heap before GC invocations=10 (full 0):
 garbage-first heap   total 162816K, used 116089K [0x0000000081400000, 0x0000000100000000)
  region size 1024K, 78 young (79872K), 12 survivors (12288K)
 Metaspace       used 37853K, capacity 38858K, committed 38992K, reserved 1083392K
  class space    used 3940K, capacity 4266K, committed 4352K, reserved 1048576K
}
Event: 12.353 GC heap after
{Heap after GC invocations=11 (full 0):
 garbage-first heap   total 162816K, used 53248K [0x0000000081400000, 0x0000000100000000)
  region size 1024K, 4 young (4096K), 4 survivors (4096K)
 Metaspace       used 37853K, capacity 38858K, committed 38992K, reserved 1083392K
  class space    used 3940K, capacity 4266K, committed 4352K, reserved 1048576K
}
Event: 12.887 GC heap before
{Heap before GC invocations=11 (full 0):
 garbage-first heap   total 162816K, used 120832K [0x0000000081400000, 0x0000000100000000)
  region size 1024K, 70 young (71680K), 4 survivors (4096K)
 Metaspace       used 38408K, capacity 39474K, committed 39632K, reserved 1085440K
  class space    used 3999K, capacity 4355K, committed 4480K, reserved 1048576K
}
Event: 12.895 GC heap after
{Heap after GC invocations=12 (full 0):
 garbage-first heap   total 195584K, used 52918K [0x0000000081400000, 0x0000000100000000)
  region size 1024K, 4 young (4096K), 4 survivors (4096K)
 Metaspace       used 38408K, capacity 39474K, committed 39632K, reserved 1085440K
  class space    used 3999K, capacity 4355K, committed 4480K, reserved 1048576K
}
Event: 13.189 GC heap before
{Heap before GC invocations=12 (full 0):
 garbage-first heap   total 195584K, used 135862K [0x0000000081400000, 0x0000000100000000)
  region size 1024K, 85 young (87040K), 4 survivors (4096K)
 Metaspace       used 38540K, capacity 39583K, committed 39888K, reserved 1085440K
  class space    used 4002K, capacity 4362K, committed 4480K, reserved 1048576K
}
Event: 13.197 GC heap after
{Heap after GC invocations=13 (full 0):
 garbage-first heap   total 195584K, used 53901K [0x0000000081400000, 0x0000000100000000)
  region size 1024K, 5 young (5120K), 5 survivors (5120K)
 Metaspace       used 38540K, capacity 39583K, committed 39888K, reserved 1085440K
  class space    used 4002K, capacity 4362K, committed 4480K, reserved 1048576K
}
Event: 13.392 GC heap before
{Heap before GC invocations=13 (full 0):
 garbage-first heap   total 195584K, used 139917K [0x0000000081400000, 0x0000000100000000)
  region size 1024K, 89 young (91136K), 5 survivors (5120K)
 Metaspace       used 38612K, capacity 39661K, committed 39888K, reserved 1085440K
  class space    used 4003K, capacity 4363K, committed 4480K, reserved 1048576K
}
Event: 13.401 GC heap after
{Heap after GC invocations=14 (full 0):
 garbage-first heap   total 195584K, used 55181K [0x0000000081400000, 0x0000000100000000)
  region size 1024K, 6 young (6144K), 6 survivors (6144K)
 Metaspace       used 38612K, capacity 39661K, committed 39888K, reserved 1085440K
  class space    used 4003K, capacity 4363K, committed 4480K, reserved 1048576K
}
Event: 13.565 GC heap before
{Heap before GC invocations=14 (full 0):
 garbage-first heap   total 195584K, used 143245K [0x0000000081400000, 0x0000000100000000)
  region size 1024K, 92 young (94208K), 6 survivors (6144K)
 Metaspace       used 38652K, capacity 39728K, committed 39888K, reserved 1085440K
  class space    used 4003K, capacity 4363K, committed 4480K, reserved 1048576K
}
Event: 13.584 GC heap after
{Heap after GC invocations=15 (full 0):
 garbage-first heap   total 195584K, used 56185K [0x0000000081400000, 0x0000000100000000)
  region size 1024K, 7 young (7168K), 7 survivors (7168K)
 Metaspace       used 38652K, capacity 39728K, committed 39888K, reserved 1085440K
  class space    used 4003K, capacity 4363K, committed 4480K, reserved 1048576K
}
Event: 13.952 GC heap before
{Heap before GC invocations=15 (full 0):
 garbage-first heap   total 195584K, used 146297K [0x0000000081400000, 0x0000000100000000)
  region size 1024K, 95 young (97280K), 7 survivors (7168K)
 Metaspace       used 38688K, capacity 39747K, committed 39888K, reserved 1085440K
  class space    used 4006K, capacity 4367K, committed 4480K, reserved 1048576K
}
Event: 13.964 GC heap after
{Heap after GC invocations=16 (full 0):
 garbage-first heap   total 195584K, used 57234K [0x0000000081400000, 0x0000000100000000)
  region size 1024K, 5 young (5120K), 5 survivors (5120K)
 Metaspace       used 38688K, capacity 39747K, committed 39888K, reserved 1085440K
  class space    used 4006K, capacity 4367K, committed 4480K, reserved 1048576K
}
Event: 14.952 GC heap before
{Heap before GC invocations=16 (full 0):
 garbage-first heap   total 195584K, used 149394K [0x0000000081400000, 0x0000000100000000)
  region size 1024K, 95 young (97280K), 5 survivors (5120K)
 Metaspace       used 38938K, capacity 40017K, committed 40144K, reserved 1085440K
  class space    used 4006K, capacity 4367K, committed 4480K, reserved 1048576K
}
Event: 14.966 GC heap after
{Heap after GC invocations=17 (full 0):
 garbage-first heap   total 195584K, used 59151K [0x0000000081400000, 0x0000000100000000)
  region size 1024K, 7 young (7168K), 7 survivors (7168K)
 Metaspace       used 38938K, capacity 40017K, committed 40144K, reserved 1085440K
  class space    used 4006K, capacity 4367K, committed 4480K, reserved 1048576K
}
Event: 16.243 GC heap before
{Heap before GC invocations=17 (full 0):
 garbage-first heap   total 195584K, used 152335K [0x0000000081400000, 0x0000000100000000)
  region size 1024K, 98 young (100352K), 7 survivors (7168K)
 Metaspace       used 40696K, capacity 41835K, committed 42064K, reserved 1087488K
  class space    used 4159K, capacity 4520K, committed 4608K, reserved 1048576K
}
Event: 16.257 GC heap after
{Heap after GC invocations=18 (full 0):
 garbage-first heap   total 195584K, used 60778K [0x0000000081400000, 0x0000000100000000)
  region size 1024K, 8 young (8192K), 8 survivors (8192K)
 Metaspace       used 40696K, capacity 41835K, committed 42064K, reserved 1087488K
  class space    used 4159K, capacity 4520K, committed 4608K, reserved 1048576K
}
Event: 19.070 GC heap before
{Heap before GC invocations=18 (full 0):
 garbage-first heap   total 195584K, used 159082K [0x0000000081400000, 0x0000000100000000)
  region size 1024K, 99 young (101376K), 8 survivors (8192K)
 Metaspace       used 41529K, capacity 42663K, committed 42832K, reserved 1087488K
  class space    used 4208K, capacity 4575K, committed 4608K, reserved 1048576K
}
Event: 19.093 GC heap after
{Heap after GC invocations=19 (full 0):
 garbage-first heap   total 195584K, used 76646K [0x0000000081400000, 0x0000000100000000)
  region size 1024K, 13 young (13312K), 13 survivors (13312K)
 Metaspace       used 41529K, capacity 42663K, committed 42832K, reserved 1087488K
  class space    used 4208K, capacity 4575K, committed 4608K, reserved 1048576K
}

