# JRE version: OpenJDK Runtime Environment OpenLogic-OpenJDK (11.0.21+9) (build 11.0.21+9-adhoc..jdk11u)
# Java VM: OpenJDK 64-Bit Server VM OpenLogic-OpenJDK (11.0.21+9-adhoc..jdk11u, mixed mode, tiered, compressed oops, g1 gc, windows-amd64)
Heap:
 garbage-first heap   total 206848K, used 148583K [0x0000000081400000, 0x0000000100000000)
  region size 1024K, 76 young (77824K), 4 survivors (4096K)
 Metaspace       used 43034K, capacity 44184K, committed 44240K, reserved 1089536K
  class space    used 4409K, capacity 4813K, committed 4864K, reserved 1048576K
GC Heap History (20 events):
Event: 6.360 GC heap after
{Heap after GC invocations=7 (full 0):
 garbage-first heap   total 172032K, used 16034K [0x0000000081400000, 0x0000000100000000)
  region size 1024K, 9 young (9216K), 9 survivors (9216K)
 Metaspace       used 26127K, capacity 26748K, committed 27008K, reserved 1073152K
  class space    used 2721K, capacity 2924K, committed 2944K, reserved 1048576K
}
Event: 9.095 GC heap before
{Heap before GC invocations=7 (full 0):
 garbage-first heap   total 172032K, used 101026K [0x0000000081400000, 0x0000000100000000)
  region size 1024K, 90 young (92160K), 9 survivors (9216K)
 Metaspace       used 34597K, capacity 35474K, committed 35712K, reserved 1081344K
  class space    used 3673K, capacity 3964K, committed 3968K, reserved 1048576K
}
Event: 9.126 GC heap after
{Heap after GC invocations=8 (full 0):
 garbage-first heap   total 172032K, used 40178K [0x0000000081400000, 0x0000000100000000)
  region size 1024K, 12 young (12288K), 12 survivors (12288K)
 Metaspace       used 34597K, capacity 35474K, committed 35712K, reserved 1081344K
  class space    used 3673K, capacity 3964K, committed 3968K, reserved 1048576K
}
Event: 9.510 GC heap before
{Heap before GC invocations=8 (full 0):
 garbage-first heap   total 172032K, used 61682K [0x0000000081400000, 0x0000000100000000)
  region size 1024K, 34 young (34816K), 12 survivors (12288K)
 Metaspace       used 35055K, capacity 35893K, committed 36048K, reserved 1081344K
  class space    used 3690K, capacity 4012K, committed 4096K, reserved 1048576K
}
Event: 9.543 GC heap after
{Heap after GC invocations=9 (full 0):
 garbage-first heap   total 172032K, used 44959K [0x0000000081400000, 0x0000000100000000)
  region size 1024K, 5 young (5120K), 5 survivors (5120K)
 Metaspace       used 35055K, capacity 35893K, committed 36048K, reserved 1081344K
  class space    used 3690K, capacity 4012K, committed 4096K, reserved 1048576K
}
Event: 10.701 GC heap before
{Heap before GC invocations=10 (full 0):
 garbage-first heap   total 172032K, used 99231K [0x0000000081400000, 0x0000000100000000)
  region size 1024K, 58 young (59392K), 5 survivors (5120K)
 Metaspace       used 37169K, capacity 38136K, committed 38224K, reserved 1083392K
  class space    used 3896K, capacity 4222K, committed 4224K, reserved 1048576K
}
Event: 10.709 GC heap after
{Heap after GC invocations=11 (full 0):
 garbage-first heap   total 172032K, used 46454K [0x0000000081400000, 0x0000000100000000)
  region size 1024K, 5 young (5120K), 5 survivors (5120K)
 Metaspace       used 37169K, capacity 38136K, committed 38224K, reserved 1083392K
  class space    used 3896K, capacity 4222K, committed 4224K, reserved 1048576K
}
Event: 11.330 GC heap before
{Heap before GC invocations=11 (full 0):
 garbage-first heap   total 172032K, used 105846K [0x0000000081400000, 0x0000000100000000)
  region size 1024K, 63 young (64512K), 5 survivors (5120K)
 Metaspace       used 37748K, capacity 38729K, committed 38864K, reserved 1083392K
  class space    used 3954K, capacity 4281K, committed 4352K, reserved 1048576K
}
Event: 11.339 GC heap after
{Heap after GC invocations=12 (full 0):
 garbage-first heap   total 172032K, used 47229K [0x0000000081400000, 0x0000000100000000)
  region size 1024K, 3 young (3072K), 3 survivors (3072K)
 Metaspace       used 37748K, capacity 38729K, committed 38864K, reserved 1083392K
  class space    used 3954K, capacity 4281K, committed 4352K, reserved 1048576K
}
Event: 11.545 GC heap before
{Heap before GC invocations=12 (full 0):
 garbage-first heap   total 172032K, used 111741K [0x0000000081400000, 0x0000000100000000)
  region size 1024K, 66 young (67584K), 3 survivors (3072K)
 Metaspace       used 37853K, capacity 38828K, committed 39120K, reserved 1083392K
  class space    used 3958K, capacity 4286K, committed 4352K, reserved 1048576K
}
Event: 11.551 GC heap after
{Heap after GC invocations=13 (full 0):
 garbage-first heap   total 172032K, used 47865K [0x0000000081400000, 0x0000000100000000)
  region size 1024K, 4 young (4096K), 4 survivors (4096K)
 Metaspace       used 37853K, capacity 38828K, committed 39120K, reserved 1083392K
  class space    used 3958K, capacity 4286K, committed 4352K, reserved 1048576K
}
Event: 11.731 GC heap before
{Heap before GC invocations=13 (full 0):
 garbage-first heap   total 172032K, used 116473K [0x0000000081400000, 0x0000000100000000)
  region size 1024K, 71 young (72704K), 4 survivors (4096K)
 Metaspace       used 37907K, capacity 38914K, committed 39120K, reserved 1083392K
  class space    used 3960K, capacity 4289K, committed 4352K, reserved 1048576K
}
Event: 11.738 GC heap after
{Heap after GC invocations=14 (full 0):
 garbage-first heap   total 172032K, used 48614K [0x0000000081400000, 0x0000000100000000)
  region size 1024K, 4 young (4096K), 4 survivors (4096K)
 Metaspace       used 37907K, capacity 38914K, committed 39120K, reserved 1083392K
  class space    used 3960K, capacity 4289K, committed 4352K, reserved 1048576K
}
Event: 12.450 GC heap before
{Heap before GC invocations=14 (full 0):
 garbage-first heap   total 172032K, used 121318K [0x0000000081400000, 0x0000000100000000)
  region size 1024K, 75 young (76800K), 4 survivors (4096K)
 Metaspace       used 38189K, capacity 39121K, committed 39376K, reserved 1085440K
  class space    used 3962K, capacity 4291K, committed 4352K, reserved 1048576K
}
Event: 12.458 GC heap after
{Heap after GC invocations=15 (full 0):
 garbage-first heap   total 172032K, used 49457K [0x0000000081400000, 0x0000000100000000)
  region size 1024K, 5 young (5120K), 5 survivors (5120K)
 Metaspace       used 38189K, capacity 39121K, committed 39376K, reserved 1085440K
  class space    used 3962K, capacity 4291K, committed 4352K, reserved 1048576K
}
Event: 14.308 GC heap before
{Heap before GC invocations=15 (full 0):
 garbage-first heap   total 172032K, used 124209K [0x0000000081400000, 0x0000000100000000)
  region size 1024K, 78 young (79872K), 5 survivors (5120K)
 Metaspace       used 40441K, capacity 41429K, committed 41680K, reserved 1087488K
  class space    used 4152K, capacity 4496K, committed 4608K, reserved 1048576K
}
Event: 14.323 GC heap after
{Heap after GC invocations=16 (full 0):
 garbage-first heap   total 172032K, used 50646K [0x0000000081400000, 0x0000000100000000)
  region size 1024K, 6 young (6144K), 6 survivors (6144K)
 Metaspace       used 40441K, capacity 41429K, committed 41680K, reserved 1087488K
  class space    used 4152K, capacity 4496K, committed 4608K, reserved 1048576K
}
Event: 16.565 GC heap before
{Heap before GC invocations=16 (full 0):
 garbage-first heap   total 172032K, used 129494K [0x0000000081400000, 0x0000000100000000)
  region size 1024K, 81 young (82944K), 6 survivors (6144K)
 Metaspace       used 40836K, capacity 41894K, committed 42192K, reserved 1087488K
  class space    used 4176K, capacity 4542K, committed 4608K, reserved 1048576K
}
Event: 16.589 GC heap after
{Heap after GC invocations=17 (full 0):
 garbage-first heap   total 206848K, used 73831K [0x0000000081400000, 0x0000000100000000)
  region size 1024K, 11 young (11264K), 11 survivors (11264K)
 Metaspace       used 40836K, capacity 41894K, committed 42192K, reserved 1087488K
  class space    used 4176K, capacity 4542K, committed 4608K, reserved 1048576K
}
Event: 18.378 GC heap before
{Heap before GC invocations=17 (full 0):
 garbage-first heap   total 206848K, used 147559K [0x0000000081400000, 0x0000000100000000)
  region size 1024K, 83 young (84992K), 11 survivors (11264K)
 Metaspace       used 43034K, capacity 44184K, committed 44240K, reserved 1089536K
  class space    used 4409K, capacity 4813K, committed 4864K, reserved 1048576K
}

