# JRE version: OpenJDK Runtime Environment OpenLogic-OpenJDK (11.0.21+9) (build 11.0.21+9-adhoc..jdk11u)
# Java VM: OpenJDK 64-Bit Server VM OpenLogic-OpenJDK (11.0.21+9-adhoc..jdk11u, mixed mode, tiered, compressed oops, g1 gc, windows-amd64)
Heap:
 garbage-first heap   total 174080K, used 63106K [0x0000000081400000, 0x0000000100000000)
  region size 1024K, 20 young (20480K), 13 survivors (13312K)
 Metaspace       used 35148K, capacity 35945K, committed 36220K, reserved 1081344K
  class space    used 3680K, capacity 3970K, committed 4044K, reserved 1048576K
GC Heap History (18 events):
Event: 0.844 GC heap before
{Heap before GC invocations=0 (full 0):
 garbage-first heap   total 131072K, used 14336K [0x0000000081400000, 0x0000000100000000)
  region size 1024K, 14 young (14336K), 0 survivors (0K)
 Metaspace       used 11345K, capacity 11505K, committed 11648K, reserved 1060864K
  class space    used 1052K, capacity 1135K, committed 1152K, reserved 1048576K
}
Event: 0.849 GC heap after
{Heap after GC invocations=1 (full 0):
 garbage-first heap   total 131072K, used 3223K [0x0000000081400000, 0x0000000100000000)
  region size 1024K, 2 young (2048K), 2 survivors (2048K)
 Metaspace       used 11345K, capacity 11505K, committed 11648K, reserved 1060864K
  class space    used 1052K, capacity 1135K, committed 1152K, reserved 1048576K
}
Event: 1.066 GC heap before
{Heap before GC invocations=1 (full 0):
 garbage-first heap   total 131072K, used 9367K [0x0000000081400000, 0x0000000100000000)
  region size 1024K, 8 young (8192K), 2 survivors (2048K)
 Metaspace       used 13195K, capacity 13431K, committed 13568K, reserved 1060864K
  class space    used 1316K, capacity 1416K, committed 1536K, reserved 1048576K
}
Event: 1.070 GC heap after
{Heap after GC invocations=2 (full 0):
 garbage-first heap   total 131072K, used 3697K [0x0000000081400000, 0x0000000100000000)
  region size 1024K, 1 young (1024K), 1 survivors (1024K)
 Metaspace       used 13195K, capacity 13431K, committed 13568K, reserved 1060864K
  class space    used 1316K, capacity 1416K, committed 1536K, reserved 1048576K
}
Event: 1.753 GC heap before
{Heap before GC invocations=2 (full 0):
 garbage-first heap   total 131072K, used 28273K [0x0000000081400000, 0x0000000100000000)
  region size 1024K, 26 young (26624K), 1 survivors (1024K)
 Metaspace       used 15203K, capacity 15417K, committed 15488K, reserved 1062912K
  class space    used 1557K, capacity 1647K, committed 1664K, reserved 1048576K
}
Event: 1.758 GC heap after
{Heap after GC invocations=3 (full 0):
 garbage-first heap   total 131072K, used 4604K [0x0000000081400000, 0x0000000100000000)
  region size 1024K, 2 young (2048K), 2 survivors (2048K)
 Metaspace       used 15203K, capacity 15417K, committed 15488K, reserved 1062912K
  class space    used 1557K, capacity 1647K, committed 1664K, reserved 1048576K
}
Event: 3.452 GC heap before
{Heap before GC invocations=3 (full 0):
 garbage-first heap   total 131072K, used 35324K [0x0000000081400000, 0x0000000100000000)
  region size 1024K, 33 young (33792K), 2 survivors (2048K)
 Metaspace       used 20856K, capacity 21214K, committed 21296K, reserved 1069056K
  class space    used 2285K, capacity 2425K, committed 2432K, reserved 1048576K
}
Event: 3.463 GC heap after
{Heap after GC invocations=4 (full 0):
 garbage-first heap   total 131072K, used 6579K [0x0000000081400000, 0x0000000100000000)
  region size 1024K, 4 young (4096K), 4 survivors (4096K)
 Metaspace       used 20856K, capacity 21214K, committed 21296K, reserved 1069056K
  class space    used 2285K, capacity 2425K, committed 2432K, reserved 1048576K
}
Event: 5.830 GC heap before
{Heap before GC invocations=5 (full 0):
 garbage-first heap   total 131072K, used 80307K [0x0000000081400000, 0x0000000100000000)
  region size 1024K, 76 young (77824K), 4 survivors (4096K)
 Metaspace       used 24498K, capacity 25077K, committed 25340K, reserved 1071104K
  class space    used 2594K, capacity 2773K, committed 2892K, reserved 1048576K
}
Event: 5.851 GC heap after
{Heap after GC invocations=6 (full 0):
 garbage-first heap   total 157696K, used 13404K [0x0000000081400000, 0x0000000100000000)
  region size 1024K, 10 young (10240K), 10 survivors (10240K)
 Metaspace       used 24498K, capacity 25077K, committed 25340K, reserved 1071104K
  class space    used 2594K, capacity 2773K, committed 2892K, reserved 1048576K
}
Event: 7.879 GC heap before
{Heap before GC invocations=6 (full 0):
 garbage-first heap   total 157696K, used 97372K [0x0000000081400000, 0x0000000100000000)
  region size 1024K, 92 young (94208K), 10 survivors (10240K)
 Metaspace       used 25041K, capacity 25595K, committed 25852K, reserved 1073152K
  class space    used 2596K, capacity 2773K, committed 2892K, reserved 1048576K
}
Event: 7.903 GC heap after
{Heap after GC invocations=7 (full 0):
 garbage-first heap   total 157696K, used 16698K [0x0000000081400000, 0x0000000100000000)
  region size 1024K, 4 young (4096K), 4 survivors (4096K)
 Metaspace       used 25041K, capacity 25595K, committed 25852K, reserved 1073152K
  class space    used 2596K, capacity 2773K, committed 2892K, reserved 1048576K
}
Event: 9.926 GC heap before
{Heap before GC invocations=7 (full 0):
 garbage-first heap   total 157696K, used 103738K [0x0000000081400000, 0x0000000100000000)
  region size 1024K, 89 young (91136K), 4 survivors (4096K)
 Metaspace       used 25452K, capacity 26020K, committed 26108K, reserved 1073152K
  class space    used 2610K, capacity 2807K, committed 2892K, reserved 1048576K
}
Event: 9.937 GC heap after
{Heap after GC invocations=8 (full 0):
 garbage-first heap   total 157696K, used 20282K [0x0000000081400000, 0x0000000100000000)
  region size 1024K, 7 young (7168K), 7 survivors (7168K)
 Metaspace       used 25452K, capacity 26020K, committed 26108K, reserved 1073152K
  class space    used 2610K, capacity 2807K, committed 2892K, reserved 1048576K
}
Event: 14.331 GC heap before
{Heap before GC invocations=8 (full 0):
 garbage-first heap   total 157696K, used 156474K [0x0000000081400000, 0x0000000100000000)
  region size 1024K, 90 young (92160K), 7 survivors (7168K)
 Metaspace       used 33056K, capacity 33759K, committed 34044K, reserved 1079296K
  class space    used 3519K, capacity 3820K, committed 3916K, reserved 1048576K
}
Event: 14.352 GC heap after
{Heap after GC invocations=9 (full 0):
 garbage-first heap   total 174080K, used 29927K [0x0000000081400000, 0x0000000100000000)
  region size 1024K, 12 young (12288K), 12 survivors (12288K)
 Metaspace       used 33056K, capacity 33759K, committed 34044K, reserved 1079296K
  class space    used 3519K, capacity 3820K, committed 3916K, reserved 1048576K
}
Event: 17.919 GC heap before
{Heap before GC invocations=9 (full 0):
 garbage-first heap   total 174080K, used 115943K [0x0000000081400000, 0x0000000100000000)
  region size 1024K, 96 young (98304K), 12 survivors (12288K)
 Metaspace       used 35088K, capacity 35877K, committed 35964K, reserved 1081344K
  class space    used 3676K, capacity 3970K, committed 4044K, reserved 1048576K
}
Event: 17.977 GC heap after
{Heap after GC invocations=10 (full 0):
 garbage-first heap   total 174080K, used 56962K [0x0000000081400000, 0x0000000100000000)
  region size 1024K, 13 young (13312K), 13 survivors (13312K)
 Metaspace       used 35088K, capacity 35877K, committed 35964K, reserved 1081344K
  class space    used 3676K, capacity 3970K, committed 4044K, reserved 1048576K
}

